#
# There is insufficient memory for the Java Runtime Environment to continue.
# Native memory allocation (malloc) failed to allocate 1841456 bytes for Chunk::new
# Possible reasons:
#   The system is out of physical RAM or swap space
#   The process is running with CompressedOops enabled, and the Java Heap may be blocking the growth of the native heap
# Possible solutions:
#   Reduce memory load on the system
#   Increase physical memory or swap space
#   Check if swap backing store is full
#   Decrease Java heap size (-Xmx/-Xms)
#   Decrease number of Java threads
#   Decrease Java thread stack sizes (-Xss)
#   Set larger code cache with -XX:ReservedCodeCacheSize=
#   JVM is running with Unscaled Compressed Oops mode in which the Java heap is
#     placed in the first 4GB address space. The Java Heap base address is the
#     maximum limit for the native heap growth. Please use -XX:HeapBaseMinAddress
#     to set the Java Heap base and to place the Java Heap above 4GB virtual address.
# This output file may be truncated or incomplete.
#
#  Out of Memory Error (./src/hotspot/share/memory/arena.cpp:197), pid=2492, tid=3248
#
# JRE version: OpenJDK Runtime Environment (11.0.13) (build 11.0.13+0-b1751.21-8125866)
# Java VM: OpenJDK 64-Bit Server VM (11.0.13+0-b1751.21-8125866, mixed mode, tiered, compressed oops, g1 gc, windows-amd64)
# No core dump will be written. Minidumps are not enabled by default on client versions of Windows
#

---------------  S U M M A R Y ------------

Command Line: org.jetbrains.kotlin.cli.jvm.K2JVMCompiler @D:\Coding\Android\CodeAlpha\Task1\SourceCode\OnlineBookshop\app\build\20231014_9550358686448972194.compiler.options

Host: AMD Ryzen 5 4600H with Radeon Graphics         , 12 cores, 7G,  Windows 10 , 64 bit Build 19041 (10.0.19041.3570)
Time: Sun Oct 15 00:23:38 2023 Egypt Daylight Time elapsed time: 5.037714 seconds (0d 0h 0m 5s)

---------------  T H R E A D  ---------------

Current thread (0x000001c339289800):  JavaThread "C2 CompilerThread1" daemon [_thread_in_native, id=3248, stack(0x0000008a93600000,0x0000008a93700000)]


Current CompileTask:
C2:   5037 3088       4       jdk.internal.loader.ClassLoaders$AppClassLoader::loadClass (40 bytes)

Stack: [0x0000008a93600000,0x0000008a93700000]
Native frames: (J=compiled Java code, j=interpreted, Vv=VM code, C=native code)
V  [jvm.dll+0x6100fa]
V  [jvm.dll+0x747090]
V  [jvm.dll+0x7486ad]
V  [jvm.dll+0x748d83]
V  [jvm.dll+0x24ab48]
V  [jvm.dll+0xc04dc]
V  [jvm.dll+0xc0a0c]
V  [jvm.dll+0x35eb5b]
V  [jvm.dll+0x19d7bc]
V  [jvm.dll+0x2033be]
V  [jvm.dll+0x202437]
V  [jvm.dll+0x188e01]
V  [jvm.dll+0x21106b]
V  [jvm.dll+0x20f8c1]
V  [jvm.dll+0x70de0f]
V  [jvm.dll+0x706a75]
V  [jvm.dll+0x60ed66]
C  [ucrtbase.dll+0x21bb2]
C  [KERNEL32.DLL+0x17344]
C  [ntdll.dll+0x526b1]


---------------  P R O C E S S  ---------------

Threads class SMR info:
_java_thread_list=0x000001c33916aca0, length=11, elements={
0x000001c31cc94000, 0x000001c336f7f000, 0x000001c336f8a000, 0x000001c336f9e800,
0x000001c336fa0800, 0x000001c336fa2800, 0x000001c336fad800, 0x000001c336fb5000,
0x000001c336fb7000, 0x000001c337a6b800, 0x000001c339289800
}

Java Threads: ( => current thread )
  0x000001c31cc94000 JavaThread "main" [_thread_in_vm, id=18396, stack(0x0000008a92200000,0x0000008a92300000)]
  0x000001c336f7f000 JavaThread "Reference Handler" daemon [_thread_blocked, id=11336, stack(0x0000008a92900000,0x0000008a92a00000)]
  0x000001c336f8a000 JavaThread "Finalizer" daemon [_thread_blocked, id=11520, stack(0x0000008a92a00000,0x0000008a92b00000)]
  0x000001c336f9e800 JavaThread "Signal Dispatcher" daemon [_thread_blocked, id=2564, stack(0x0000008a92b00000,0x0000008a92c00000)]
  0x000001c336fa0800 JavaThread "Attach Listener" daemon [_thread_blocked, id=22440, stack(0x0000008a92c00000,0x0000008a92d00000)]
  0x000001c336fa2800 JavaThread "Service Thread" daemon [_thread_blocked, id=13208, stack(0x0000008a92d00000,0x0000008a92e00000)]
  0x000001c336fad800 JavaThread "C2 CompilerThread0" daemon [_thread_in_native, id=3984, stack(0x0000008a92e00000,0x0000008a92f00000)]
  0x000001c336fb5000 JavaThread "C1 CompilerThread0" daemon [_thread_in_vm, id=1112, stack(0x0000008a92f00000,0x0000008a93000000)]
  0x000001c336fb7000 JavaThread "Sweeper thread" daemon [_thread_blocked, id=17244, stack(0x0000008a93000000,0x0000008a93100000)]
  0x000001c337a6b800 JavaThread "Common-Cleaner" daemon [_thread_blocked, id=20296, stack(0x0000008a93200000,0x0000008a93300000)]
=>0x000001c339289800 JavaThread "C2 CompilerThread1" daemon [_thread_in_native, id=3248, stack(0x0000008a93600000,0x0000008a93700000)]

Other Threads:
  0x000001c336f5b800 VMThread "VM Thread" [stack: 0x0000008a92800000,0x0000008a92900000] [id=3036]
  0x000001c337a63000 WatcherThread [stack: 0x0000008a93100000,0x0000008a93200000] [id=12856]
  0x000001c31aaad000 GCTaskThread "GC Thread#0" [stack: 0x0000008a92300000,0x0000008a92400000] [id=9724]
  0x000001c33803a800 GCTaskThread "GC Thread#1" [stack: 0x0000008a93400000,0x0000008a93500000] [id=20504]
  0x000001c31ccd5000 ConcurrentGCThread "G1 Main Marker" [stack: 0x0000008a92400000,0x0000008a92500000] [id=5824]
  0x000001c31ccd7800 ConcurrentGCThread "G1 Conc#0" [stack: 0x0000008a92500000,0x0000008a92600000] [id=9048]
  0x000001c3384a0000 ConcurrentGCThread "G1 Conc#1" [stack: 0x0000008a93300000,0x0000008a93400000] [id=21524]
  0x000001c337a63800 ConcurrentGCThread "G1 Conc#2" [stack: 0x0000008a93500000,0x0000008a93600000] [id=20924]
  0x000001c336dc2800 ConcurrentGCThread "G1 Refine#0" [stack: 0x0000008a92600000,0x0000008a92700000] [id=1236]
  0x000001c336dc3000 ConcurrentGCThread "G1 Young RemSet Sampling" [stack: 0x0000008a92700000,0x0000008a92800000] [id=8624]

Threads with active compile tasks:
C2 CompilerThread0   5054 3032       4       java.lang.ClassLoader::loadClass (7 bytes)
C1 CompilerThread0   5055 3509   !   2       org.jetbrains.kotlin.metadata.ProtoBuf$Class::<init> (2890 bytes)
C2 CompilerThread1   5055 3088       4       jdk.internal.loader.ClassLoaders$AppClassLoader::loadClass (40 bytes)

VM state:not at safepoint (normal execution)

VM Mutex/Monitor currently owned by a thread: None

Heap address: 0x000000008a000000, size: 1888 MB, Compressed Oops mode: 32-bit
Narrow klass base: 0x0000000000000000, Narrow klass shift: 3
Compressed class space size: 1073741824 Address: 0x0000000100000000

Heap:
 garbage-first heap   total 120832K, used 39172K [0x000000008a000000, 0x0000000100000000)
  region size 1024K, 19 young (19456K), 6 survivors (6144K)
 Metaspace       used 45964K, capacity 46484K, committed 46800K, reserved 1091584K
  class space    used 5324K, capacity 5539K, committed 5584K, reserved 1048576K
Heap Regions: E=young(eden), S=young(survivor), O=old, HS=humongous(starts), HC=humongous(continues), CS=collection set, F=free, A=archive, TAMS=top-at-mark-start (previous, next)
|   0|0x000000008a000000, 0x000000008a100000, 0x000000008a100000|100%|HS|  |TAMS 0x000000008a100000, 0x000000008a000000| Complete 
|   1|0x000000008a100000, 0x000000008a200000, 0x000000008a200000|100%|HC|  |TAMS 0x000000008a200000, 0x000000008a100000| Complete 
|   2|0x000000008a200000, 0x000000008a300000, 0x000000008a300000|100%|HC|  |TAMS 0x000000008a300000, 0x000000008a200000| Complete 
|   3|0x000000008a300000, 0x000000008a400000, 0x000000008a400000|100%|HC|  |TAMS 0x000000008a400000, 0x000000008a300000| Complete 
|   4|0x000000008a400000, 0x000000008a500000, 0x000000008a500000|100%|HS|  |TAMS 0x000000008a500000, 0x000000008a400000| Complete 
|   5|0x000000008a500000, 0x000000008a600000, 0x000000008a600000|100%|HC|  |TAMS 0x000000008a600000, 0x000000008a500000| Complete 
|   6|0x000000008a600000, 0x000000008a700000, 0x000000008a700000|100%|HC|  |TAMS 0x000000008a700000, 0x000000008a600000| Complete 
|   7|0x000000008a700000, 0x000000008a800000, 0x000000008a800000|100%|HC|  |TAMS 0x000000008a800000, 0x000000008a700000| Complete 
|   8|0x000000008a800000, 0x000000008a800000, 0x000000008a900000|  0%| F|  |TAMS 0x000000008a800000, 0x000000008a800000| Untracked 
|   9|0x000000008a900000, 0x000000008a900000, 0x000000008aa00000|  0%| F|  |TAMS 0x000000008a900000, 0x000000008a900000| Untracked 
|  10|0x000000008aa00000, 0x000000008ab00000, 0x000000008ab00000|100%| O|  |TAMS 0x000000008ab00000, 0x000000008aa00000| Untracked 
|  11|0x000000008ab00000, 0x000000008ac00000, 0x000000008ac00000|100%| O|  |TAMS 0x000000008ac00000, 0x000000008ab00000| Untracked 
|  12|0x000000008ac00000, 0x000000008ad00000, 0x000000008ad00000|100%| O|  |TAMS 0x000000008ad00000, 0x000000008ac00000| Untracked 
|  13|0x000000008ad00000, 0x000000008ae00000, 0x000000008ae00000|100%| O|  |TAMS 0x000000008ae00000, 0x000000008ad00000| Untracked 
|  14|0x000000008ae00000, 0x000000008af00000, 0x000000008af00000|100%| O|  |TAMS 0x000000008af00000, 0x000000008ae00000| Untracked 
|  15|0x000000008af00000, 0x000000008b000000, 0x000000008b000000|100%| O|  |TAMS 0x000000008b000000, 0x000000008af00000| Untracked 
|  16|0x000000008b000000, 0x000000008b100000, 0x000000008b100000|100%| O|  |TAMS 0x000000008b100000, 0x000000008b000000| Untracked 
|  17|0x000000008b100000, 0x000000008b200000, 0x000000008b200000|100%| O|  |TAMS 0x000000008b200000, 0x000000008b100000| Untracked 
|  18|0x000000008b200000, 0x000000008b300000, 0x000000008b300000|100%| O|  |TAMS 0x000000008b300000, 0x000000008b200000| Untracked 
|  19|0x000000008b300000, 0x000000008b400000, 0x000000008b400000|100%| O|  |TAMS 0x000000008b400000, 0x000000008b300000| Untracked 
|  20|0x000000008b400000, 0x000000008b500000, 0x000000008b500000|100%| O|  |TAMS 0x000000008b500000, 0x000000008b400000| Untracked 
|  21|0x000000008b500000, 0x000000008b600000, 0x000000008b600000|100%| O|  |TAMS 0x000000008b600000, 0x000000008b500000| Untracked 
|  22|0x000000008b600000, 0x000000008b700000, 0x000000008b700000|100%| O|  |TAMS 0x000000008b700000, 0x000000008b600000| Untracked 
|  23|0x000000008b700000, 0x000000008b700000, 0x000000008b800000|  0%| F|  |TAMS 0x000000008b700000, 0x000000008b700000| Untracked 
|  24|0x000000008b800000, 0x000000008b800000, 0x000000008b900000|  0%| F|  |TAMS 0x000000008b800000, 0x000000008b800000| Untracked 
|  25|0x000000008b900000, 0x000000008b900000, 0x000000008ba00000|  0%| F|  |TAMS 0x000000008b900000, 0x000000008b900000| Untracked 
|  26|0x000000008ba00000, 0x000000008ba00000, 0x000000008bb00000|  0%| F|  |TAMS 0x000000008ba00000, 0x000000008ba00000| Untracked 
|  27|0x000000008bb00000, 0x000000008bb00000, 0x000000008bc00000|  0%| F|  |TAMS 0x000000008bb00000, 0x000000008bb00000| Untracked 
|  28|0x000000008bc00000, 0x000000008bc00000, 0x000000008bd00000|  0%| F|  |TAMS 0x000000008bc00000, 0x000000008bc00000| Untracked 
|  29|0x000000008bd00000, 0x000000008bd00000, 0x000000008be00000|  0%| F|  |TAMS 0x000000008bd00000, 0x000000008bd00000| Untracked 
|  30|0x000000008be00000, 0x000000008be00000, 0x000000008bf00000|  0%| F|  |TAMS 0x000000008be00000, 0x000000008be00000| Untracked 
|  31|0x000000008bf00000, 0x000000008bf00000, 0x000000008c000000|  0%| F|  |TAMS 0x000000008bf00000, 0x000000008bf00000| Untracked 
|  32|0x000000008c000000, 0x000000008c000000, 0x000000008c100000|  0%| F|  |TAMS 0x000000008c000000, 0x000000008c000000| Untracked 
|  33|0x000000008c100000, 0x000000008c100000, 0x000000008c200000|  0%| F|  |TAMS 0x000000008c100000, 0x000000008c100000| Untracked 
|  34|0x000000008c200000, 0x000000008c200000, 0x000000008c300000|  0%| F|  |TAMS 0x000000008c200000, 0x000000008c200000| Untracked 
|  35|0x000000008c300000, 0x000000008c300000, 0x000000008c400000|  0%| F|  |TAMS 0x000000008c300000, 0x000000008c300000| Untracked 
|  36|0x000000008c400000, 0x000000008c400000, 0x000000008c500000|  0%| F|  |TAMS 0x000000008c400000, 0x000000008c400000| Untracked 
|  37|0x000000008c500000, 0x000000008c500000, 0x000000008c600000|  0%| F|  |TAMS 0x000000008c500000, 0x000000008c500000| Untracked 
|  38|0x000000008c600000, 0x000000008c600000, 0x000000008c700000|  0%| F|  |TAMS 0x000000008c600000, 0x000000008c600000| Untracked 
|  39|0x000000008c700000, 0x000000008c700000, 0x000000008c800000|  0%| F|  |TAMS 0x000000008c700000, 0x000000008c700000| Untracked 
|  40|0x000000008c800000, 0x000000008c800000, 0x000000008c900000|  0%| F|  |TAMS 0x000000008c800000, 0x000000008c800000| Untracked 
|  41|0x000000008c900000, 0x000000008c900000, 0x000000008ca00000|  0%| F|  |TAMS 0x000000008c900000, 0x000000008c900000| Untracked 
|  42|0x000000008ca00000, 0x000000008ca00000, 0x000000008cb00000|  0%| F|  |TAMS 0x000000008ca00000, 0x000000008ca00000| Untracked 
|  43|0x000000008cb00000, 0x000000008cb00000, 0x000000008cc00000|  0%| F|  |TAMS 0x000000008cb00000, 0x000000008cb00000| Untracked 
|  44|0x000000008cc00000, 0x000000008cc00000, 0x000000008cd00000|  0%| F|  |TAMS 0x000000008cc00000, 0x000000008cc00000| Untracked 
|  45|0x000000008cd00000, 0x000000008cd00000, 0x000000008ce00000|  0%| F|  |TAMS 0x000000008cd00000, 0x000000008cd00000| Untracked 
|  46|0x000000008ce00000, 0x000000008ce00000, 0x000000008cf00000|  0%| F|  |TAMS 0x000000008ce00000, 0x000000008ce00000| Untracked 
|  47|0x000000008cf00000, 0x000000008cf00000, 0x000000008d000000|  0%| F|  |TAMS 0x000000008cf00000, 0x000000008cf00000| Untracked 
|  48|0x000000008d000000, 0x000000008d000000, 0x000000008d100000|  0%| F|  |TAMS 0x000000008d000000, 0x000000008d000000| Untracked 
|  49|0x000000008d100000, 0x000000008d100000, 0x000000008d200000|  0%| F|  |TAMS 0x000000008d100000, 0x000000008d100000| Untracked 
|  50|0x000000008d200000, 0x000000008d200000, 0x000000008d300000|  0%| F|  |TAMS 0x000000008d200000, 0x000000008d200000| Untracked 
|  51|0x000000008d300000, 0x000000008d300000, 0x000000008d400000|  0%| F|  |TAMS 0x000000008d300000, 0x000000008d300000| Untracked 
|  52|0x000000008d400000, 0x000000008d400000, 0x000000008d500000|  0%| F|  |TAMS 0x000000008d400000, 0x000000008d400000| Untracked 
|  53|0x000000008d500000, 0x000000008d500000, 0x000000008d600000|  0%| F|  |TAMS 0x000000008d500000, 0x000000008d500000| Untracked 
|  54|0x000000008d600000, 0x000000008d600000, 0x000000008d700000|  0%| F|  |TAMS 0x000000008d600000, 0x000000008d600000| Untracked 
|  55|0x000000008d700000, 0x000000008d700000, 0x000000008d800000|  0%| F|  |TAMS 0x000000008d700000, 0x000000008d700000| Untracked 
|  56|0x000000008d800000, 0x000000008d800000, 0x000000008d900000|  0%| F|  |TAMS 0x000000008d800000, 0x000000008d800000| Untracked 
|  57|0x000000008d900000, 0x000000008d900000, 0x000000008da00000|  0%| F|  |TAMS 0x000000008d900000, 0x000000008d900000| Untracked 
|  58|0x000000008da00000, 0x000000008da00000, 0x000000008db00000|  0%| F|  |TAMS 0x000000008da00000, 0x000000008da00000| Untracked 
|  59|0x000000008db00000, 0x000000008db00000, 0x000000008dc00000|  0%| F|  |TAMS 0x000000008db00000, 0x000000008db00000| Untracked 
|  60|0x000000008dc00000, 0x000000008dc00000, 0x000000008dd00000|  0%| F|  |TAMS 0x000000008dc00000, 0x000000008dc00000| Untracked 
|  61|0x000000008dd00000, 0x000000008dd00000, 0x000000008de00000|  0%| F|  |TAMS 0x000000008dd00000, 0x000000008dd00000| Untracked 
|  62|0x000000008de00000, 0x000000008de00000, 0x000000008df00000|  0%| F|  |TAMS 0x000000008de00000, 0x000000008de00000| Untracked 
|  63|0x000000008df00000, 0x000000008df00000, 0x000000008e000000|  0%| F|  |TAMS 0x000000008df00000, 0x000000008df00000| Untracked 
|  64|0x000000008e000000, 0x000000008e000000, 0x000000008e100000|  0%| F|  |TAMS 0x000000008e000000, 0x000000008e000000| Untracked 
|  65|0x000000008e100000, 0x000000008e100000, 0x000000008e200000|  0%| F|  |TAMS 0x000000008e100000, 0x000000008e100000| Untracked 
|  66|0x000000008e200000, 0x000000008e200000, 0x000000008e300000|  0%| F|  |TAMS 0x000000008e200000, 0x000000008e200000| Untracked 
|  67|0x000000008e300000, 0x000000008e300000, 0x000000008e400000|  0%| F|  |TAMS 0x000000008e300000, 0x000000008e300000| Untracked 
|  68|0x000000008e400000, 0x000000008e400000, 0x000000008e500000|  0%| F|  |TAMS 0x000000008e400000, 0x000000008e400000| Untracked 
|  69|0x000000008e500000, 0x000000008e500000, 0x000000008e600000|  0%| F|  |TAMS 0x000000008e500000, 0x000000008e500000| Untracked 
|  70|0x000000008e600000, 0x000000008e641278, 0x000000008e700000| 25%| S|CS|TAMS 0x000000008e600000, 0x000000008e600000| Complete 
|  71|0x000000008e700000, 0x000000008e800000, 0x000000008e800000|100%| S|CS|TAMS 0x000000008e700000, 0x000000008e700000| Complete 
|  72|0x000000008e800000, 0x000000008e900000, 0x000000008e900000|100%| S|CS|TAMS 0x000000008e800000, 0x000000008e800000| Complete 
|  73|0x000000008e900000, 0x000000008ea00000, 0x000000008ea00000|100%| S|CS|TAMS 0x000000008e900000, 0x000000008e900000| Complete 
|  74|0x000000008ea00000, 0x000000008eb00000, 0x000000008eb00000|100%| S|CS|TAMS 0x000000008ea00000, 0x000000008ea00000| Complete 
|  75|0x000000008eb00000, 0x000000008ec00000, 0x000000008ec00000|100%| S|CS|TAMS 0x000000008eb00000, 0x000000008eb00000| Complete 
|  76|0x000000008ec00000, 0x000000008ec00000, 0x000000008ed00000|  0%| F|  |TAMS 0x000000008ec00000, 0x000000008ec00000| Untracked 
|  77|0x000000008ed00000, 0x000000008ed00000, 0x000000008ee00000|  0%| F|  |TAMS 0x000000008ed00000, 0x000000008ed00000| Untracked 
|  78|0x000000008ee00000, 0x000000008ee00000, 0x000000008ef00000|  0%| F|  |TAMS 0x000000008ee00000, 0x000000008ee00000| Untracked 
|  79|0x000000008ef00000, 0x000000008ef00000, 0x000000008f000000|  0%| F|  |TAMS 0x000000008ef00000, 0x000000008ef00000| Untracked 
|  80|0x000000008f000000, 0x000000008f000000, 0x000000008f100000|  0%| F|  |TAMS 0x000000008f000000, 0x000000008f000000| Untracked 
|  81|0x000000008f100000, 0x000000008f100000, 0x000000008f200000|  0%| F|  |TAMS 0x000000008f100000, 0x000000008f100000| Untracked 
|  82|0x000000008f200000, 0x000000008f200000, 0x000000008f300000|  0%| F|  |TAMS 0x000000008f200000, 0x000000008f200000| Untracked 
|  83|0x000000008f300000, 0x000000008f300000, 0x000000008f400000|  0%| F|  |TAMS 0x000000008f300000, 0x000000008f300000| Untracked 
|  84|0x000000008f400000, 0x000000008f400000, 0x000000008f500000|  0%| F|  |TAMS 0x000000008f400000, 0x000000008f400000| Untracked 
|  85|0x000000008f500000, 0x000000008f500000, 0x000000008f600000|  0%| F|  |TAMS 0x000000008f500000, 0x000000008f500000| Untracked 
|  86|0x000000008f600000, 0x000000008f600000, 0x000000008f700000|  0%| F|  |TAMS 0x000000008f600000, 0x000000008f600000| Untracked 
|  87|0x000000008f700000, 0x000000008f700000, 0x000000008f800000|  0%| F|  |TAMS 0x000000008f700000, 0x000000008f700000| Untracked 
|  88|0x000000008f800000, 0x000000008f800000, 0x000000008f900000|  0%| F|  |TAMS 0x000000008f800000, 0x000000008f800000| Untracked 
|  89|0x000000008f900000, 0x000000008f900000, 0x000000008fa00000|  0%| F|  |TAMS 0x000000008f900000, 0x000000008f900000| Untracked 
|  90|0x000000008fa00000, 0x000000008fa00000, 0x000000008fb00000|  0%| F|  |TAMS 0x000000008fa00000, 0x000000008fa00000| Untracked 
|  91|0x000000008fb00000, 0x000000008fb00000, 0x000000008fc00000|  0%| F|  |TAMS 0x000000008fb00000, 0x000000008fb00000| Untracked 
|  92|0x000000008fc00000, 0x000000008fc00000, 0x000000008fd00000|  0%| F|  |TAMS 0x000000008fc00000, 0x000000008fc00000| Untracked 
|  93|0x000000008fd00000, 0x000000008fd00000, 0x000000008fe00000|  0%| F|  |TAMS 0x000000008fd00000, 0x000000008fd00000| Untracked 
|  94|0x000000008fe00000, 0x000000008fe00000, 0x000000008ff00000|  0%| F|  |TAMS 0x000000008fe00000, 0x000000008fe00000| Untracked 
|  95|0x000000008ff00000, 0x000000008ff00000, 0x0000000090000000|  0%| F|  |TAMS 0x000000008ff00000, 0x000000008ff00000| Untracked 
|  96|0x0000000090000000, 0x0000000090000000, 0x0000000090100000|  0%| F|  |TAMS 0x0000000090000000, 0x0000000090000000| Untracked 
|  97|0x0000000090100000, 0x0000000090100000, 0x0000000090200000|  0%| F|  |TAMS 0x0000000090100000, 0x0000000090100000| Untracked 
|  98|0x0000000090200000, 0x0000000090200000, 0x0000000090300000|  0%| F|  |TAMS 0x0000000090200000, 0x0000000090200000| Untracked 
|  99|0x0000000090300000, 0x0000000090300000, 0x0000000090400000|  0%| F|  |TAMS 0x0000000090300000, 0x0000000090300000| Untracked 
| 100|0x0000000090400000, 0x0000000090400000, 0x0000000090500000|  0%| F|  |TAMS 0x0000000090400000, 0x0000000090400000| Untracked 
| 101|0x0000000090500000, 0x0000000090500000, 0x0000000090600000|  0%| F|  |TAMS 0x0000000090500000, 0x0000000090500000| Untracked 
| 102|0x0000000090600000, 0x0000000090600000, 0x0000000090700000|  0%| F|  |TAMS 0x0000000090600000, 0x0000000090600000| Untracked 
| 103|0x0000000090700000, 0x0000000090700000, 0x0000000090800000|  0%| F|  |TAMS 0x0000000090700000, 0x0000000090700000| Untracked 
| 104|0x0000000090800000, 0x0000000090880800, 0x0000000090900000| 50%| E|  |TAMS 0x0000000090800000, 0x0000000090800000| Complete 
| 105|0x0000000090900000, 0x0000000090a00000, 0x0000000090a00000|100%| E|CS|TAMS 0x0000000090900000, 0x0000000090900000| Complete 
| 106|0x0000000090a00000, 0x0000000090b00000, 0x0000000090b00000|100%| E|CS|TAMS 0x0000000090a00000, 0x0000000090a00000| Complete 
| 107|0x0000000090b00000, 0x0000000090c00000, 0x0000000090c00000|100%| E|CS|TAMS 0x0000000090b00000, 0x0000000090b00000| Complete 
| 108|0x0000000090c00000, 0x0000000090d00000, 0x0000000090d00000|100%| E|CS|TAMS 0x0000000090c00000, 0x0000000090c00000| Complete 
| 109|0x0000000090d00000, 0x0000000090e00000, 0x0000000090e00000|100%| E|CS|TAMS 0x0000000090d00000, 0x0000000090d00000| Complete 
| 110|0x0000000090e00000, 0x0000000090f00000, 0x0000000090f00000|100%| E|CS|TAMS 0x0000000090e00000, 0x0000000090e00000| Complete 
| 111|0x0000000090f00000, 0x0000000091000000, 0x0000000091000000|100%| E|CS|TAMS 0x0000000090f00000, 0x0000000090f00000| Complete 
| 112|0x0000000091000000, 0x0000000091100000, 0x0000000091100000|100%| E|CS|TAMS 0x0000000091000000, 0x0000000091000000| Complete 
| 113|0x0000000091100000, 0x0000000091200000, 0x0000000091200000|100%| E|CS|TAMS 0x0000000091100000, 0x0000000091100000| Complete 
| 114|0x0000000091200000, 0x0000000091300000, 0x0000000091300000|100%| E|CS|TAMS 0x0000000091200000, 0x0000000091200000| Complete 
| 115|0x0000000091300000, 0x0000000091400000, 0x0000000091400000|100%| E|CS|TAMS 0x0000000091300000, 0x0000000091300000| Complete 
| 116|0x0000000091400000, 0x0000000091500000, 0x0000000091500000|100%| E|CS|TAMS 0x0000000091400000, 0x0000000091400000| Complete 
| 117|0x0000000091500000, 0x0000000091600000, 0x0000000091600000|100%| E|CS|TAMS 0x0000000091500000, 0x0000000091500000| Complete 

Card table byte_map: [0x000001c3300c0000,0x000001c330470000] _byte_map_base: 0x000001c32fc70000

Marking Bits (Prev, Next): (CMBitMap*) 0x000001c31cccce38, (CMBitMap*) 0x000001c31cccce70
 Prev Bits: [0x000001c330820000, 0x000001c3325a0000)
 Next Bits: [0x000001c3325a0000, 0x000001c334320000)

Polling page: 0x000001c31a9a0000

Metaspace:

Usage:
  Non-class:     39.99 MB capacity,    39.70 MB (>99%) used,   224.62 KB ( <1%) free+waste,    66.69 KB ( <1%) overhead. 
      Class:      5.41 MB capacity,     5.20 MB ( 96%) used,   182.95 KB (  3%) free+waste,    28.94 KB ( <1%) overhead. 
       Both:     45.39 MB capacity,    44.90 MB ( 99%) used,   407.57 KB ( <1%) free+waste,    95.63 KB ( <1%) overhead. 

Virtual space:
  Non-class space:       42.00 MB reserved,      40.25 MB ( 96%) committed 
      Class space:        1.00 GB reserved,       5.45 MB ( <1%) committed 
             Both:        1.04 GB reserved,      45.70 MB (  4%) committed 

Chunk freelists:
   Non-Class:  79.00 KB
       Class:  29.00 KB
        Both:  108.00 KB

MaxMetaspaceSize: 17179869184.00 GB
CompressedClassSpaceSize: 1.00 GB
Initial GC threshold: 20.80 MB
Current GC threshold: 59.09 MB
CDS: off

CodeHeap 'non-profiled nmethods': size=120000Kb used=1407Kb max_used=1407Kb free=118592Kb
 bounds [0x000001c328280000, 0x000001c3284f0000, 0x000001c32f7b0000]
CodeHeap 'profiled nmethods': size=120000Kb used=6977Kb max_used=6977Kb free=113022Kb
 bounds [0x000001c320d50000, 0x000001c321430000, 0x000001c328280000]
CodeHeap 'non-nmethods': size=5760Kb used=1272Kb max_used=1309Kb free=4487Kb
 bounds [0x000001c3207b0000, 0x000001c320a20000, 0x000001c320d50000]
 total_blobs=4006 nmethods=3452 adapters=465
 compilation: enabled
              stopped_count=0, restarted_count=0
 full_count=0

Compilation events (20 events):
Event: 4.981 Thread 0x000001c336fb5000 3487       2       org.jetbrains.kotlin.com.intellij.psi.impl.source.tree.LeafElement::getText (92 bytes)
Event: 4.981 Thread 0x000001c336fb5000 nmethod 3487 0x000001c32141aa10 code [0x000001c32141ac40, 0x000001c32141b088]
Event: 4.988 Thread 0x000001c336fb5000 3488       2       java.util.concurrent.locks.ReentrantLock::tryLock (14 bytes)
Event: 4.989 Thread 0x000001c336fb5000 nmethod 3488 0x000001c32141b310 code [0x000001c32141b4e0, 0x000001c32141b638]
Event: 5.014 Thread 0x000001c336fb5000 3489       1       gnu.trove.THash::size (5 bytes)
Event: 5.014 Thread 0x000001c336fb5000 nmethod 3489 0x000001c3283df090 code [0x000001c3283df240, 0x000001c3283df2f8]
Event: 5.015 Thread 0x000001c336fb5000 3490       2       java.lang.invoke.DirectMethodHandle::preparedLambdaForm (31 bytes)
Event: 5.015 Thread 0x000001c336fb5000 nmethod 3490 0x000001c32141b790 code [0x000001c32141b960, 0x000001c32141bae8]
Event: 5.015 Thread 0x000001c336fb5000 3492       2       java.lang.String::indexOf (29 bytes)
Event: 5.016 Thread 0x000001c336fb5000 nmethod 3492 0x000001c32141bc10 code [0x000001c32141bde0, 0x000001c32141bf38]
Event: 5.016 Thread 0x000001c336fb5000 3491       2       gnu.trove.THashIterator::nextIndex (62 bytes)
Event: 5.016 Thread 0x000001c336fb5000 nmethod 3491 0x000001c32141c010 code [0x000001c32141c200, 0x000001c32141c538]
Event: 5.024 Thread 0x000001c336fb5000 3493       1       kotlin.ranges.IntProgressionIterator::hasNext (5 bytes)
Event: 5.025 Thread 0x000001c336fb5000 nmethod 3493 0x000001c3283df390 code [0x000001c3283df540, 0x000001c3283df5f8]
Event: 5.025 Thread 0x000001c336fb5000 3494       2       gnu.trove.THash::setUp (21 bytes)
Event: 5.025 Thread 0x000001c336fb5000 nmethod 3494 0x000001c32141c710 code [0x000001c32141c8e0, 0x000001c32141ca98]
Event: 5.025 Thread 0x000001c336fb5000 3495       1       org.jetbrains.kotlin.cli.jvm.index.JavaRoot::getFile (5 bytes)
Event: 5.025 Thread 0x000001c336fb5000 nmethod 3495 0x000001c3283df690 code [0x000001c3283df840, 0x000001c3283df8f8]
Event: 5.025 Thread 0x000001c336fb5000 3496       2       java.util.Arrays::binarySearch0 (72 bytes)
Event: 5.025 Thread 0x000001c336fb5000 nmethod 3496 0x000001c32141cc10 code [0x000001c32141cdc0, 0x000001c32141cf78]

GC Heap History (10 events):
Event: 0.748 GC heap before
{Heap before GC invocations=0 (full 0):
 garbage-first heap   total 120832K, used 28672K [0x000000008a000000, 0x0000000100000000)
  region size 1024K, 24 young (24576K), 0 survivors (0K)
 Metaspace       used 12106K, capacity 12280K, committed 12544K, reserved 1060864K
  class space    used 1118K, capacity 1175K, committed 1280K, reserved 1048576K
}
Event: 0.751 GC heap after
{Heap after GC invocations=1 (full 0):
 garbage-first heap   total 120832K, used 6892K [0x000000008a000000, 0x0000000100000000)
  region size 1024K, 3 young (3072K), 3 survivors (3072K)
 Metaspace       used 12106K, capacity 12280K, committed 12544K, reserved 1060864K
  class space    used 1118K, capacity 1175K, committed 1280K, reserved 1048576K
}
Event: 1.718 GC heap before
{Heap before GC invocations=1 (full 0):
 garbage-first heap   total 120832K, used 45804K [0x000000008a000000, 0x0000000100000000)
  region size 1024K, 42 young (43008K), 3 survivors (3072K)
 Metaspace       used 21007K, capacity 21185K, committed 21248K, reserved 1069056K
  class space    used 2216K, capacity 2302K, committed 2304K, reserved 1048576K
}
Event: 1.738 GC heap after
{Heap after GC invocations=2 (full 0):
 garbage-first heap   total 120832K, used 10545K [0x000000008a000000, 0x0000000100000000)
  region size 1024K, 7 young (7168K), 7 survivors (7168K)
 Metaspace       used 21007K, capacity 21185K, committed 21248K, reserved 1069056K
  class space    used 2216K, capacity 2302K, committed 2304K, reserved 1048576K
}
Event: 3.346 GC heap before
{Heap before GC invocations=3 (full 0):
 garbage-first heap   total 120832K, used 67889K [0x000000008a000000, 0x0000000100000000)
  region size 1024K, 57 young (58368K), 7 survivors (7168K)
 Metaspace       used 32242K, capacity 32677K, committed 32892K, reserved 1077248K
  class space    used 3963K, capacity 4143K, committed 4220K, reserved 1048576K
}
Event: 3.376 GC heap after
{Heap after GC invocations=4 (full 0):
 garbage-first heap   total 120832K, used 23399K [0x000000008a000000, 0x0000000100000000)
  region size 1024K, 8 young (8192K), 8 survivors (8192K)
 Metaspace       used 32242K, capacity 32677K, committed 32892K, reserved 1077248K
  class space    used 3963K, capacity 4143K, committed 4220K, reserved 1048576K
}
Event: 3.627 GC heap before
{Heap before GC invocations=4 (full 0):
 garbage-first heap   total 120832K, used 35687K [0x000000008a000000, 0x0000000100000000)
  region size 1024K, 21 young (21504K), 8 survivors (8192K)
 Metaspace       used 35500K, capacity 35916K, committed 36048K, reserved 1081344K
  class space    used 4313K, capacity 4498K, committed 4560K, reserved 1048576K
}
Event: 3.645 GC heap after
{Heap after GC invocations=5 (full 0):
 garbage-first heap   total 120832K, used 25088K [0x000000008a000000, 0x0000000100000000)
  region size 1024K, 2 young (2048K), 2 survivors (2048K)
 Metaspace       used 35500K, capacity 35916K, committed 36048K, reserved 1081344K
  class space    used 4313K, capacity 4498K, committed 4560K, reserved 1048576K
}
Event: 4.520 GC heap before
{Heap before GC invocations=6 (full 0):
 garbage-first heap   total 120832K, used 66048K [0x000000008a000000, 0x0000000100000000)
  region size 1024K, 42 young (43008K), 2 survivors (2048K)
 Metaspace       used 43037K, capacity 43521K, committed 43728K, reserved 1087488K
  class space    used 5027K, capacity 5217K, committed 5328K, reserved 1048576K
}
Event: 4.532 GC heap after
{Heap after GC invocations=7 (full 0):
 garbage-first heap   total 120832K, used 26884K [0x000000008a000000, 0x0000000100000000)
  region size 1024K, 6 young (6144K), 6 survivors (6144K)
 Metaspace       used 43037K, capacity 43521K, committed 43728K, reserved 1087488K
  class space    used 5027K, capacity 5217K, committed 5328K, reserved 1048576K
}

Deoptimization events (20 events):
Event: 4.492 Thread 0x000001c31cc94000 Uncommon trap: trap_request=0xffffff4d fr.pc=0x000001c3282a7f60 relative=0x0000000000000c40
Event: 4.492 Thread 0x000001c31cc94000 Uncommon trap: reason=unstable_if action=reinterpret pc=0x000001c3282a7f60 method=java.lang.StringCoding.encodeUTF8(B[BZ)[B @ 2 c2
Event: 4.492 Thread 0x000001c31cc94000 DEOPT PACKING pc=0x000001c3282a7f60 sp=0x0000008a922f61b0
Event: 4.492 Thread 0x000001c31cc94000 DEOPT UNPACKING pc=0x000001c3207fa1af sp=0x0000008a922f5fa0 mode 2
Event: 4.492 Thread 0x000001c31cc94000 Uncommon trap: trap_request=0xffffff4d fr.pc=0x000001c32833a434 relative=0x0000000000000334
Event: 4.492 Thread 0x000001c31cc94000 Uncommon trap: reason=unstable_if action=reinterpret pc=0x000001c32833a434 method=sun.net.www.ParseUtil.firstEncodeIndex(Ljava/lang/String;)I @ 27 c2
Event: 4.492 Thread 0x000001c31cc94000 DEOPT PACKING pc=0x000001c32833a434 sp=0x0000008a922f62f0
Event: 4.492 Thread 0x000001c31cc94000 DEOPT UNPACKING pc=0x000001c3207fa1af sp=0x0000008a922f6158 mode 2
Event: 4.493 Thread 0x000001c31cc94000 Uncommon trap: trap_request=0xffffff4d fr.pc=0x000001c328350f14 relative=0x00000000000001f4
Event: 4.493 Thread 0x000001c31cc94000 Uncommon trap: reason=unstable_if action=reinterpret pc=0x000001c328350f14 method=java.lang.String.indexOf(II)I @ 4 c2
Event: 4.493 Thread 0x000001c31cc94000 DEOPT PACKING pc=0x000001c328350f14 sp=0x0000008a922f5fc0
Event: 4.493 Thread 0x000001c31cc94000 DEOPT UNPACKING pc=0x000001c3207fa1af sp=0x0000008a922f5f70 mode 2
Event: 4.493 Thread 0x000001c31cc94000 Uncommon trap: trap_request=0xffffff4d fr.pc=0x000001c328351730 relative=0x0000000000000190
Event: 4.493 Thread 0x000001c31cc94000 Uncommon trap: reason=unstable_if action=reinterpret pc=0x000001c328351730 method=java.lang.String.startsWith(Ljava/lang/String;I)Z @ 46 c2
Event: 4.493 Thread 0x000001c31cc94000 DEOPT PACKING pc=0x000001c328351730 sp=0x0000008a922f60c0
Event: 4.493 Thread 0x000001c31cc94000 DEOPT UNPACKING pc=0x000001c3207fa1af sp=0x0000008a922f6028 mode 2
Event: 4.493 Thread 0x000001c31cc94000 Uncommon trap: trap_request=0xffffff4d fr.pc=0x000001c3283c62a4 relative=0x0000000000000744
Event: 4.493 Thread 0x000001c31cc94000 Uncommon trap: reason=unstable_if action=reinterpret pc=0x000001c3283c62a4 method=java.lang.String.lastIndexOf(II)I @ 4 c2
Event: 4.493 Thread 0x000001c31cc94000 DEOPT PACKING pc=0x000001c3283c62a4 sp=0x0000008a922f6130
Event: 4.493 Thread 0x000001c31cc94000 DEOPT UNPACKING pc=0x000001c3207fa1af sp=0x0000008a922f6020 mode 2

Classes redefined (0 events):
No events

Internal exceptions (20 events):
Event: 1.678 Thread 0x000001c31cc94000 Exception <a 'java/lang/NoSuchMethodError'{0x000000008ed22100}: 'long java.lang.invoke.DirectMethodHandle$Holder.invokeStatic(java.lang.Object)'> (0x000000008ed22100) thrown at [./src/hotspot/share/interpreter/linkResolver.cpp, line 773]
Event: 1.678 Thread 0x000001c31cc94000 Exception <a 'java/lang/NoSuchMethodError'{0x000000008ed24f58}: 'long java.lang.invoke.DirectMethodHandle$Holder.invokeStaticInit(java.lang.Object)'> (0x000000008ed24f58) thrown at [./src/hotspot/share/interpreter/linkResolver.cpp, line 773]
Event: 1.742 Thread 0x000001c31cc94000 Exception <a 'java/lang/NoSuchMethodError'{0x0000000091501b80}: 'int java.lang.invoke.DirectMethodHandle$Holder.invokeSpecialIFC(java.lang.Object, java.lang.Object, int)'> (0x0000000091501b80) thrown at [./src/hotspot/share/interpreter/linkResolver.cpp, line 773]
Event: 1.830 Thread 0x000001c31cc94000 Exception <a 'java/lang/NoSuchMethodError'{0x0000000091215b70}: 'int java.lang.invoke.DirectMethodHandle$Holder.invokeStaticInit(java.lang.Object, java.lang.Object, java.lang.Object)'> (0x0000000091215b70) thrown at [./src/hotspot/share/interpreter/linkResolver.cpp, line 773]
Event: 1.843 Thread 0x000001c31cc94000 Exception <a 'java/lang/NoSuchMethodError'{0x0000000091241410}: 'int java.lang.invoke.DirectMethodHandle$Holder.invokeStaticInit(java.lang.Object, java.lang.Object)'> (0x0000000091241410) thrown at [./src/hotspot/share/interpreter/linkResolver.cpp, line 773]
Event: 1.937 Thread 0x000001c31cc94000 Exception <a 'java/lang/NoSuchMethodError'{0x00000000910565c8}: 'void java.lang.invoke.DirectMethodHandle$Holder.invokeSpecial(java.lang.Object, java.lang.Object)'> (0x00000000910565c8) thrown at [./src/hotspot/share/interpreter/linkResolver.cpp, line 773]
Event: 2.176 Thread 0x000001c31cc94000 Exception <a 'java/lang/NoSuchMethodError'{0x000000009070ab58}: 'java.lang.Object java.lang.invoke.DirectMethodHandle$Holder.invokeStatic(java.lang.Object, java.lang.Object, java.lang.Object, java.lang.Object, java.lang.Object, java.lang.Object, java.lang.Object, java.lang.Object, java.lang.Object, java.lang.Object, java.lang.Object, java.lang.Object, java.lang.Object, java.lang.Object, java.lang.Object)'> (0x000000009070ab58) thrown at [./src/hotspot/share/interpreter/linkResolver.cpp, line 773]
Event: 2.178 Thread 0x000001c31cc94000 Exception <a 'java/lang/NoSuchMethodError'{0x0000000090718b60}: 'java.lang.Object java.lang.invoke.DirectMethodHandle$Holder.invokeStatic(java.lang.Object, java.lang.Object, java.lang.Object, java.lang.Object, java.lang.Object, java.lang.Object, java.lang.Object, java.lang.Object, java.lang.Object, java.lang.Object, java.lang.Object, java.lang.Object, java.lang.Object, java.lang.Object, java.lang.Object, java.lang.Object)'> (0x0000000090718b60) thrown at [./src/hotspot/share/interpreter/linkResolver.cpp, l
Event: 2.179 Thread 0x000001c31cc94000 Exception <a 'java/lang/NoSuchMethodError'{0x0000000090726a78}: 'java.lang.Object java.lang.invoke.DirectMethodHandle$Holder.invokeSpecial(java.lang.Object, java.lang.Object, int, int, java.lang.Object, java.lang.Object, java.lang.Object)'> (0x0000000090726a78) thrown at [./src/hotspot/share/interpreter/linkResolver.cpp, line 773]
Event: 2.180 Thread 0x000001c31cc94000 Exception <a 'java/lang/NoSuchMethodError'{0x000000009072a2b0}: 'java.lang.Object java.lang.invoke.DelegatingMethodHandle$Holder.reinvoke_L(java.lang.Object, int, int, java.lang.Object, java.lang.Object, java.lang.Object)'> (0x000000009072a2b0) thrown at [./src/hotspot/share/interpreter/linkResolver.cpp, line 773]
Event: 2.180 Thread 0x000001c31cc94000 Exception <a 'java/lang/NoSuchMethodError'{0x000000009072e638}: 'java.lang.Object java.lang.invoke.DirectMethodHandle$Holder.invokeStatic(java.lang.Object, java.lang.Object, java.lang.Object, java.lang.Object, int)'> (0x000000009072e638) thrown at [./src/hotspot/share/interpreter/linkResolver.cpp, line 773]
Event: 2.229 Thread 0x000001c31cc94000 Exception <a 'java/lang/NoSuchMethodError'{0x0000000090653258}: 'void java.lang.invoke.DirectMethodHandle$Holder.invokeStatic(java.lang.Object, java.lang.Object, java.lang.Object, java.lang.Object)'> (0x0000000090653258) thrown at [./src/hotspot/share/interpreter/linkResolver.cpp, line 773]
Event: 2.336 Thread 0x000001c31cc94000 Exception <a 'java/lang/NoSuchMethodError'{0x000000009023caf0}: 'void java.lang.invoke.DirectMethodHandle$Holder.invokeStaticInit(java.lang.Object, java.lang.Object)'> (0x000000009023caf0) thrown at [./src/hotspot/share/interpreter/linkResolver.cpp, line 773]
Event: 2.507 Thread 0x000001c31cc94000 Exception <a 'java/lang/NoSuchMethodError'{0x000000008fe9c878}: 'void java.lang.invoke.DirectMethodHandle$Holder.invokeVirtual(java.lang.Object, java.lang.Object)'> (0x000000008fe9c878) thrown at [./src/hotspot/share/interpreter/linkResolver.cpp, line 773]
Event: 2.521 Thread 0x000001c31cc94000 Exception <a 'java/lang/NoSuchMethodError'{0x000000008fd31f78}: 'int java.lang.invoke.DirectMethodHandle$Holder.invokeVirtual(java.lang.Object, java.lang.Object)'> (0x000000008fd31f78) thrown at [./src/hotspot/share/interpreter/linkResolver.cpp, line 773]
Event: 3.679 Thread 0x000001c31cc94000 Exception <a 'java/lang/NoSuchMethodError'{0x0000000091322a58}: 'java.lang.Object java.lang.invoke.DirectMethodHandle$Holder.invokeVirtual(java.lang.Object, java.lang.Object, java.lang.Object)'> (0x0000000091322a58) thrown at [./src/hotspot/share/interpreter/linkResolver.cpp, line 773]
Event: 4.632 Thread 0x000001c31cc94000 Exception <a 'java/lang/NoSuchMethodError'{0x000000009135a020}: 'java.lang.Object java.lang.invoke.Invokers$Holder.linkToTargetMethod(java.lang.Object, int, java.lang.Object)'> (0x000000009135a020) thrown at [./src/hotspot/share/interpreter/linkResolver.cpp, line 773]
Event: 4.972 Thread 0x000001c31cc94000 Exception <a 'java/lang/NoSuchMethodError'{0x0000000090c2f1f8}: 'java.lang.Object java.lang.invoke.DirectMethodHandle$Holder.invokeStatic(java.lang.Object, java.lang.Object, java.lang.Object, int)'> (0x0000000090c2f1f8) thrown at [./src/hotspot/share/interpreter/linkResolver.cpp, line 773]
Event: 4.972 Thread 0x000001c31cc94000 Exception <a 'java/lang/NoSuchMethodError'{0x0000000090c32e68}: 'java.lang.Object java.lang.invoke.DirectMethodHandle$Holder.invokeSpecial(java.lang.Object, java.lang.Object, java.lang.Object, java.lang.Object, int)'> (0x0000000090c32e68) thrown at [./src/hotspot/share/interpreter/linkResolver.cpp, line 773]
Event: 4.972 Thread 0x000001c31cc94000 Exception <a 'java/lang/NoSuchMethodError'{0x0000000090c36178}: 'java.lang.Object java.lang.invoke.Invokers$Holder.linkToTargetMethod(java.lang.Object, java.lang.Object, int, java.lang.Object)'> (0x0000000090c36178) thrown at [./src/hotspot/share/interpreter/linkResolver.cpp, line 773]

Events (20 events):
Event: 5.028 loading class org/jetbrains/kotlin/load/java/structure/JavaElementsKt$buildLazyValueForMap$1
Event: 5.028 loading class org/jetbrains/kotlin/load/java/structure/JavaElementsKt$buildLazyValueForMap$1 done
Event: 5.028 loading class org/jetbrains/kotlin/load/java/lazy/LazyJavaPackageFragmentProvider$getPackageFragment$1
Event: 5.028 loading class org/jetbrains/kotlin/load/java/lazy/LazyJavaPackageFragmentProvider$getPackageFragment$1 done
Event: 5.029 loading class org/jetbrains/kotlin/load/java/lazy/descriptors/LazyJavaPackageFragment
Event: 5.029 loading class org/jetbrains/kotlin/load/java/lazy/descriptors/LazyJavaPackageFragment done
Event: 5.029 loading class org/jetbrains/kotlin/load/java/lazy/ContextKt
Event: 5.029 loading class org/jetbrains/kotlin/load/java/lazy/ContextKt done
Event: 5.030 loading class org/jetbrains/kotlin/load/java/lazy/ContextKt$childForClassOrPackage$1
Event: 5.030 loading class org/jetbrains/kotlin/load/java/lazy/ContextKt$childForClassOrPackage$1 done
Event: 5.031 loading class org/jetbrains/kotlin/load/java/lazy/descriptors/LazyJavaPackageFragment$binaryClasses$2
Event: 5.031 loading class org/jetbrains/kotlin/load/java/lazy/descriptors/LazyJavaPackageFragment$binaryClasses$2 done
Event: 5.031 loading class org/jetbrains/kotlin/load/java/lazy/descriptors/JvmPackageScope
Event: 5.031 loading class org/jetbrains/kotlin/load/java/lazy/descriptors/JvmPackageScope done
Event: 5.032 loading class org/jetbrains/kotlin/load/java/lazy/descriptors/LazyJavaPackageScope
Event: 5.032 loading class org/jetbrains/kotlin/load/java/lazy/descriptors/LazyJavaPackageScope done
Event: 5.033 loading class org/jetbrains/kotlin/load/java/lazy/descriptors/LazyJavaStaticScope
Event: 5.033 loading class org/jetbrains/kotlin/load/java/lazy/descriptors/LazyJavaStaticScope done
Event: 5.033 loading class org/jetbrains/kotlin/load/java/lazy/descriptors/LazyJavaScope
Event: 5.033 loading class org/jetbrains/kotlin/load/java/lazy/descriptors/LazyJavaScope done


Dynamic libraries:
0x00007ff7820c0000 - 0x00007ff7820ca000 	C:\Program Files\Android\Android Studio\jre\bin\java.exe
0x00007ff94e8b0000 - 0x00007ff94eaa7000 	C:\Windows\SYSTEM32\ntdll.dll
0x00007ff94de90000 - 0x00007ff94df4d000 	C:\Windows\System32\KERNEL32.DLL
0x00007ff94c0c0000 - 0x00007ff94c3b6000 	C:\Windows\System32\KERNELBASE.dll
0x00007ff94c5f0000 - 0x00007ff94c6f0000 	C:\Windows\System32\ucrtbase.dll
0x00007ff9407d0000 - 0x00007ff9407e7000 	C:\Program Files\Android\Android Studio\jre\bin\VCRUNTIME140.dll
0x00007ff9402a0000 - 0x00007ff9402b9000 	C:\Program Files\Android\Android Studio\jre\bin\jli.dll
0x00007ff94e070000 - 0x00007ff94e20e000 	C:\Windows\System32\USER32.dll
0x00007ff940510000 - 0x00007ff9407aa000 	C:\Windows\WinSxS\amd64_microsoft.windows.common-controls_6595b64144ccf1df_6.0.19041.3570_none_60bb2a3971f3e41a\COMCTL32.dll
0x00007ff94c5c0000 - 0x00007ff94c5e2000 	C:\Windows\System32\win32u.dll
0x00007ff94dc30000 - 0x00007ff94dcce000 	C:\Windows\System32\msvcrt.dll
0x00007ff94c970000 - 0x00007ff94c99c000 	C:\Windows\System32\GDI32.dll
0x00007ff94c7a0000 - 0x00007ff94c8ba000 	C:\Windows\System32\gdi32full.dll
0x00007ff94c3c0000 - 0x00007ff94c45d000 	C:\Windows\System32\msvcp_win.dll
0x00007ff94c9a0000 - 0x00007ff94c9d0000 	C:\Windows\System32\IMM32.DLL
0x00007ff91b480000 - 0x00007ff91b51d000 	C:\Program Files\Android\Android Studio\jre\bin\msvcp140.dll
0x00007ff8b9be0000 - 0x00007ff8ba6e2000 	C:\Program Files\Android\Android Studio\jre\bin\server\jvm.dll
0x00007ff94dde0000 - 0x00007ff94de8e000 	C:\Windows\System32\ADVAPI32.dll
0x00007ff94e7d0000 - 0x00007ff94e86c000 	C:\Windows\System32\sechost.dll
0x00007ff94cc50000 - 0x00007ff94cd76000 	C:\Windows\System32\RPCRT4.dll
0x00007ff94d4d0000 - 0x00007ff94d4d8000 	C:\Windows\System32\PSAPI.DLL
0x00007ff949000000 - 0x00007ff949009000 	C:\Windows\SYSTEM32\WSOCK32.dll
0x00007ff943d60000 - 0x00007ff943d87000 	C:\Windows\SYSTEM32\WINMM.dll
0x00007ff944090000 - 0x00007ff94409a000 	C:\Windows\SYSTEM32\VERSION.dll
0x00007ff94dbc0000 - 0x00007ff94dc2b000 	C:\Windows\System32\WS2_32.dll
0x00007ff949ff0000 - 0x00007ff94a002000 	C:\Windows\SYSTEM32\kernel.appcore.dll
0x00007ff948fe0000 - 0x00007ff948ff1000 	C:\Program Files\Android\Android Studio\jre\bin\verify.dll
0x00007ff93cb40000 - 0x00007ff93cd24000 	C:\Windows\SYSTEM32\DBGHELP.DLL
0x00007ff93cb00000 - 0x00007ff93cb34000 	C:\Windows\SYSTEM32\dbgcore.DLL
0x00007ff94c030000 - 0x00007ff94c0b2000 	C:\Windows\System32\bcryptPrimitives.dll
0x00007ff947b20000 - 0x00007ff947b49000 	C:\Program Files\Android\Android Studio\jre\bin\java.dll
0x00007ff945ca0000 - 0x00007ff945cab000 	C:\Program Files\Android\Android Studio\jre\bin\jimage.dll
0x00007ff93bee0000 - 0x00007ff93bef8000 	C:\Program Files\Android\Android Studio\jre\bin\zip.dll
0x00007ff94cd80000 - 0x00007ff94d4c4000 	C:\Windows\System32\SHELL32.dll
0x00007ff94a030000 - 0x00007ff94a7cb000 	C:\Windows\SYSTEM32\windows.storage.dll
0x00007ff94d860000 - 0x00007ff94dbb4000 	C:\Windows\System32\combase.dll
0x00007ff94b9d0000 - 0x00007ff94b9fd000 	C:\Windows\SYSTEM32\Wldp.dll
0x00007ff94d7b0000 - 0x00007ff94d85d000 	C:\Windows\System32\SHCORE.dll
0x00007ff94e680000 - 0x00007ff94e6d5000 	C:\Windows\System32\shlwapi.dll
0x00007ff94bec0000 - 0x00007ff94bee5000 	C:\Windows\SYSTEM32\profapi.dll
0x00007ff937950000 - 0x00007ff93796a000 	C:\Program Files\Android\Android Studio\jre\bin\net.dll
0x00007ff9467e0000 - 0x00007ff9468ea000 	C:\Windows\SYSTEM32\WINHTTP.dll
0x00007ff94b730000 - 0x00007ff94b79a000 	C:\Windows\system32\mswsock.dll
0x00007ff934f10000 - 0x00007ff934f24000 	C:\Program Files\Android\Android Studio\jre\bin\nio.dll

dbghelp: loaded successfully - version: 4.0.5 - missing functions: none
symbol engine: initialized successfully - sym options: 0x614 - pdb path: .;C:\Program Files\Android\Android Studio\jre\bin;C:\Windows\SYSTEM32;C:\Windows\WinSxS\amd64_microsoft.windows.common-controls_6595b64144ccf1df_6.0.19041.3570_none_60bb2a3971f3e41a;C:\Program Files\Android\Android Studio\jre\bin\server

VM Arguments:
java_command: org.jetbrains.kotlin.cli.jvm.K2JVMCompiler @D:\Coding\Android\CodeAlpha\Task1\SourceCode\OnlineBookshop\app\build\20231014_9550358686448972194.compiler.options
java_class_path (initial): C:\Users\mahmo\.gradle\caches\modules-2\files-2.1\org.jetbrains.kotlin\kotlin-compiler-embeddable\1.8.10\b0757fd774344d54ce93f5ad6c30ba1c1731c8ff\kotlin-compiler-embeddable-1.8.10.jar;C:\Users\mahmo\.gradle\caches\modules-2\files-2.1\org.jetbrains.kotlin\kotlin-stdlib\1.8.10\6d5560a229477df9406943d5feda5618e98eb64c\kotlin-stdlib-1.8.10.jar;C:\Users\mahmo\.gradle\caches\modules-2\files-2.1\org.jetbrains.kotlin\kotlin-script-runtime\1.8.10\b13ea9c7e46d589139e56086a878763290e20bd5\kotlin-script-runtime-1.8.10.jar;C:\Users\mahmo\.gradle\caches\modules-2\files-2.1\org.jetbrains.kotlin\kotlin-reflect\1.6.10\1cbe9c92c12a94eea200d23c2bbaedaf3daf5132\kotlin-reflect-1.6.10.jar;C:\Users\mahmo\.gradle\caches\modules-2\files-2.1\org.jetbrains.kotlin\kotlin-daemon-embeddable\1.8.10\ad8541d9bc1cf9e52c3204161247910c2cf601d4\kotlin-daemon-embeddable-1.8.10.jar;C:\Users\mahmo\.gradle\caches\modules-2\files-2.1\org.jetbrains.intellij.deps\trove4j\1.0.20200330\3afb14d5f9ceb459d724e907a21145e8ff394f02\trove4j-1.0.20200330.jar;C:\Users\mahmo\.gradle\caches\modules-2\files-2.1\net.java.dev.jna\jna\5.6.0\330f2244e9030119ab3030fc3fededc86713d9cc\jna-5.6.0.jar;C:\Users\mahmo\.gradle\caches\modules-2\files-2.1\org.jetbrains.kotlin\kotlin-stdlib-common\1.8.10\a61b182458550492c12aee66157d7b524a63a5ec\kotlin-stdlib-common-1.8.10.jar;C:\Users\mahmo\.gradle\caches\modules-2\files-2.1\org.jetbrains\annotations\13.0\919f0dfe192fb4e063e7dacadee7f8bb9a2672a9\annotations-13.0.jar
Launcher Type: SUN_STANDARD

[Global flags]
     intx CICompilerCount                          = 4                                         {product} {ergonomic}
     uint ConcGCThreads                            = 3                                         {product} {ergonomic}
     uint G1ConcRefinementThreads                  = 10                                        {product} {ergonomic}
   size_t G1HeapRegionSize                         = 1048576                                   {product} {ergonomic}
    uintx GCDrainStackTargetSize                   = 64                                        {product} {ergonomic}
   size_t InitialHeapSize                          = 123731968                                 {product} {ergonomic}
   size_t MarkStackSize                            = 4194304                                   {product} {ergonomic}
   size_t MaxHeapSize                              = 1979711488                                {product} {ergonomic}
   size_t MaxNewSize                               = 1186988032                                {product} {ergonomic}
   size_t MinHeapDeltaBytes                        = 1048576                                   {product} {ergonomic}
    uintx NonNMethodCodeHeapSize                   = 5836300                                {pd product} {ergonomic}
    uintx NonProfiledCodeHeapSize                  = 122910970                              {pd product} {ergonomic}
    uintx ProfiledCodeHeapSize                     = 122910970                              {pd product} {ergonomic}
    uintx ReservedCodeCacheSize                    = 251658240                              {pd product} {ergonomic}
     bool SegmentedCodeCache                       = true                                      {product} {ergonomic}
     bool UseCompressedClassPointers               = true                                 {lp64_product} {ergonomic}
     bool UseCompressedOops                        = true                                 {lp64_product} {ergonomic}
     bool UseG1GC                                  = true                                      {product} {ergonomic}
     bool UseLargePagesIndividualAllocation        = false                                  {pd product} {ergonomic}

Logging:
Log output configuration:
 #0: stdout all=warning uptime,level,tags
 #1: stderr all=off uptime,level,tags

Environment Variables:
PATH=C:\Program Files\Microsoft MPI\Bin\;C:\Windows\system32;C:\Windows;C:\Windows\System32\Wbem;C:\Windows\System32\WindowsPowerShell\v1.0\;C:\Windows\System32\OpenSSH\;C:\Program Files\dotnet\;C:\Program Files\Git\cmd;C:\Program Files\nodejs\;C:\ProgramData\chocolatey\bin;C:\Users\mahmo\anaconda3;C:\Users\mahmo\.m2;C:\Program Files\Microsoft SQL Server\150\Tools\Binn\;C:\Program Files\Common Files\Autodesk Shared\;C:\Program Files\Cloudflare\Cloudflare WARP\;C:\Users\mahmo\AppData\Local\Programs\Python\Python311\Scripts\;C:\Users\mahmo\AppData\Local\Programs\Python\Python311\;C:\Users\mahmo\AppData\Local\Microsoft\WindowsApps;C:\Users\mahmo\AppData\Local\Programs\Microsoft VS Code\bin;C:\Users\mahmo\.dotnet\tools;C:\src\flutter\flutter\bin;C:\Program Files\JetBrains\IntelliJ IDEA Community Edition 2021.3.2\bin;;C:\Users\mahmo\AppData\Roaming\npm;D:\Program Files\PyCharm Community Edition 2021.3.2\bin;;C:\Users\mahmo\AppData\Local\GitHubDesktop\bin
USERNAME=mahmo
OS=Windows_NT
PROCESSOR_IDENTIFIER=AMD64 Family 23 Model 96 Stepping 1, AuthenticAMD



---------------  S Y S T E M  ---------------

OS: Windows 10 , 64 bit Build 19041 (10.0.19041.3570)
OS uptime: 0 days 3:41 hours

CPU:total 12 (initial active 12) (12 cores per cpu, 2 threads per core) family 23 model 96 stepping 1 microcode 0x0, cmov, cx8, fxsr, mmx, sse, sse2, sse3, ssse3, sse4.1, sse4.2, popcnt, avx, avx2, aes, clmul, mmxext, 3dnowpref, lzcnt, sse4a, ht, tsc, tscinvbit, tscinv, bmi1, bmi2, adx, sha, fma

Memory: 4k page, system-wide physical 7545M (471M free)
TotalPageFile size 19104M (AvailPageFile size 5M)
current process WorkingSet (physical memory assigned to process): 244M, peak: 244M
current process commit charge ("private bytes"): 318M, peak: 318M

vm_info: OpenJDK 64-Bit Server VM (11.0.13+0-b1751.21-8125866) for windows-amd64 JRE (11.0.13+0-b1751.21-8125866), built on Feb  2 2022 03:00:22 by "builder" with MS VC++ 14.0 (VS2015)

END.
