#
# There is insufficient memory for the Java Runtime Environment to continue.
# Native memory allocation (malloc) failed to allocate 2283264 bytes for Chunk::new
# Possible reasons:
#   The system is out of physical RAM or swap space
#   The process is running with CompressedOops enabled, and the Java Heap may be blocking the growth of the native heap
# Possible solutions:
#   Reduce memory load on the system
#   Increase physical memory or swap space
#   Check if swap backing store is full
#   Decrease Java heap size (-Xmx/-Xms)
#   Decrease number of Java threads
#   Decrease Java thread stack sizes (-Xss)
#   Set larger code cache with -XX:ReservedCodeCacheSize=
#   JVM is running with Unscaled Compressed Oops mode in which the Java heap is
#     placed in the first 4GB address space. The Java Heap base address is the
#     maximum limit for the native heap growth. Please use -XX:HeapBaseMinAddress
#     to set the Java Heap base and to place the Java Heap above 4GB virtual address.
# This output file may be truncated or incomplete.
#
#  Out of Memory Error (arena.cpp:184), pid=12080, tid=17784
#
# JRE version: OpenJDK Runtime Environment (19.0.1+10) (build 19.0.1+10-21)
# Java VM: OpenJDK 64-Bit Server VM (19.0.1+10-21, mixed mode, sharing, tiered, compressed oops, compressed class ptrs, g1 gc, windows-amd64)
# No core dump will be written. Minidumps are not enabled by default on client versions of Windows
#

---------------  S U M M A R Y ------------

Command Line: org.jetbrains.kotlin.cli.jvm.K2JVMCompiler @D:\Coding\Android\CodeAlpha\Internship\Tasks\Task3\app\build\20231027_13374964126701871951.compiler.options

Host: AMD Ryzen 5 4600H with Radeon Graphics         , 12 cores, 7G,  Windows 10 , 64 bit Build 19041 (10.0.19041.3570)
Time: Fri Oct 27 04:04:38 2023 Egypt Standard Time elapsed time: 6.664805 seconds (0d 0h 0m 6s)

---------------  T H R E A D  ---------------

Current thread (0x000001db03f1ff00):  JavaThread "C2 CompilerThread0" daemon [_thread_in_native, id=17784, stack(0x00000047a1900000,0x00000047a1a00000)]


Current CompileTask:
C2:   6664 4483   !   4       org.jetbrains.kotlin.metadata.ProtoBuf$Function::<init> (1410 bytes)

Stack: [0x00000047a1900000,0x00000047a1a00000]
Native frames: (J=compiled Java code, j=interpreted, Vv=VM code, C=native code)
V  [jvm.dll+0x6ee8fa]
V  [jvm.dll+0x857a1e]
V  [jvm.dll+0x85940e]
V  [jvm.dll+0x859ac3]
V  [jvm.dll+0x28291f]
V  [jvm.dll+0xc9b5f]
V  [jvm.dll+0xc9ee5]
V  [jvm.dll+0x3bcbac]
V  [jvm.dll+0x386201]
V  [jvm.dll+0x38567a]
V  [jvm.dll+0x24c2c9]
V  [jvm.dll+0x24b671]
V  [jvm.dll+0x1d6d61]
V  [jvm.dll+0x25b0fa]
V  [jvm.dll+0x259588]
V  [jvm.dll+0x807928]
V  [jvm.dll+0x8015fa]
V  [jvm.dll+0x6ed5eb]
C  [ucrtbase.dll+0x21bb2]
C  [KERNEL32.DLL+0x17344]
C  [ntdll.dll+0x526b1]


---------------  P R O C E S S  ---------------

Threads class SMR info:
_java_thread_list=0x000001db0960d2a0, length=13, elements={
0x000001db657eb1a0, 0x000001db03f1af20, 0x000001db03f1bb10, 0x000001db03f1c700,
0x000001db03f1e040, 0x000001db03f1e970, 0x000001db03f1f2a0, 0x000001db03f1ff00,
0x000001db03f78850, 0x000001db08120040, 0x000001db081dc500, 0x000001db081e2ec0,
0x000001db0822dce0
}

Java Threads: ( => current thread )
  0x000001db657eb1a0 JavaThread "main" [_thread_in_vm, id=9612, stack(0x00000047a0c00000,0x00000047a0d00000)]
  0x000001db03f1af20 JavaThread "Reference Handler" daemon [_thread_blocked, id=17008, stack(0x00000047a1300000,0x00000047a1400000)]
  0x000001db03f1bb10 JavaThread "Finalizer" daemon [_thread_blocked, id=9824, stack(0x00000047a1400000,0x00000047a1500000)]
  0x000001db03f1c700 JavaThread "Signal Dispatcher" daemon [_thread_blocked, id=12064, stack(0x00000047a1500000,0x00000047a1600000)]
  0x000001db03f1e040 JavaThread "Attach Listener" daemon [_thread_blocked, id=7124, stack(0x00000047a1600000,0x00000047a1700000)]
  0x000001db03f1e970 JavaThread "Service Thread" daemon [_thread_blocked, id=19272, stack(0x00000047a1700000,0x00000047a1800000)]
  0x000001db03f1f2a0 JavaThread "Monitor Deflation Thread" daemon [_thread_blocked, id=10372, stack(0x00000047a1800000,0x00000047a1900000)]
=>0x000001db03f1ff00 JavaThread "C2 CompilerThread0" daemon [_thread_in_native, id=17784, stack(0x00000047a1900000,0x00000047a1a00000)]
  0x000001db03f78850 JavaThread "C1 CompilerThread0" daemon [_thread_blocked, id=18464, stack(0x00000047a1a00000,0x00000047a1b00000)]
  0x000001db08120040 JavaThread "Sweeper thread" daemon [_thread_blocked, id=1868, stack(0x00000047a1b00000,0x00000047a1c00000)]
  0x000001db081dc500 JavaThread "Notification Thread" daemon [_thread_blocked, id=8764, stack(0x00000047a1c00000,0x00000047a1d00000)]
  0x000001db081e2ec0 JavaThread "Common-Cleaner" daemon [_thread_blocked, id=2488, stack(0x00000047a1e00000,0x00000047a1f00000)]
  0x000001db0822dce0 JavaThread "C2 CompilerThread1" daemon [_thread_in_native, id=13752, stack(0x00000047a1f00000,0x00000047a2000000)]

Other Threads:
  0x000001db03eff4b0 VMThread "VM Thread" [stack: 0x00000047a1200000,0x00000047a1300000] [id=19204]
  0x000001db081dea50 WatcherThread "VM Periodic Task Thread" [stack: 0x00000047a1d00000,0x00000047a1e00000] [id=13016]
  0x000001db65849250 WorkerThread "GC Thread#0" [stack: 0x00000047a0d00000,0x00000047a0e00000] [id=6496]
  0x000001db08717dc0 WorkerThread "GC Thread#1" [stack: 0x00000047a2100000,0x00000047a2200000] [id=6924]
  0x000001db08725470 WorkerThread "GC Thread#2" [stack: 0x00000047a2200000,0x00000047a2300000] [id=7588]
  0x000001db0874d7b0 WorkerThread "GC Thread#3" [stack: 0x00000047a2300000,0x00000047a2400000] [id=2912]
  0x000001db0874d210 WorkerThread "GC Thread#4" [stack: 0x00000047a2400000,0x00000047a2500000] [id=18200]
  0x000001db0874c6d0 WorkerThread "GC Thread#5" [stack: 0x00000047a2500000,0x00000047a2600000] [id=9904]
  0x000001db0874cc70 WorkerThread "GC Thread#6" [stack: 0x00000047a2000000,0x00000047a2100000] [id=14320]
  0x000001db0874d4e0 WorkerThread "GC Thread#7" [stack: 0x00000047a2600000,0x00000047a2700000] [id=5364]
  0x000001db0874da80 WorkerThread "GC Thread#8" [stack: 0x00000047a2700000,0x00000047a2800000] [id=11756]
  0x000001db0874be60 WorkerThread "GC Thread#9" [stack: 0x00000047a2800000,0x00000047a2900000] [id=5204]
  0x000001db6585a1c0 ConcurrentGCThread "G1 Main Marker" [stack: 0x00000047a0e00000,0x00000047a0f00000] [id=10508]
  0x000001db6585abf0 WorkerThread "G1 Conc#0" [stack: 0x00000047a0f00000,0x00000047a1000000] [id=780]
  0x000001db09a7a9e0 WorkerThread "G1 Conc#1" [stack: 0x00000047a2900000,0x00000047a2a00000] [id=4020]
  0x000001db09a7b7f0 WorkerThread "G1 Conc#2" [stack: 0x00000047a2a00000,0x00000047a2b00000] [id=12116]
  0x000001db03db44d0 ConcurrentGCThread "G1 Refine#0" [stack: 0x00000047a1000000,0x00000047a1100000] [id=12664]
  0x000001db03db4f20 ConcurrentGCThread "G1 Service" [stack: 0x00000047a1100000,0x00000047a1200000] [id=9676]

Threads with active compile tasks:
C2 CompilerThread0     6688 4483   !   4       org.jetbrains.kotlin.metadata.ProtoBuf$Function::<init> (1410 bytes)
C2 CompilerThread1     6688 4508       4       org.jetbrains.kotlin.metadata.ProtoBuf$Type::getSerializedSize (393 bytes)

VM state: not at safepoint (normal execution)

VM Mutex/Monitor currently owned by a thread: None

Heap address: 0x000000008a000000, size: 1888 MB, Compressed Oops mode: 32-bit

CDS archive(s) mapped at: [0x0000000800000000-0x0000000800c30000-0x0000000800c30000), size 12779520, SharedBaseAddress: 0x0000000800000000, ArchiveRelocationMode: 0.
Compressed class space mapped at: 0x0000000801000000-0x0000000841000000, reserved size: 1073741824
Narrow klass base: 0x0000000800000000, Narrow klass shift: 0, Narrow klass range: 0x100000000

GC Precious Log:
 CardTable entry size: 512
 Card Set container configuration: InlinePtr #cards 5 size 8 Array Of Cards #cards 12 size 40 Howl #buckets 4 coarsen threshold 1843 Howl Bitmap #cards 512 size 80 coarsen threshold 460 Card regions per heap region 1 cards per card region 2048
 CPUs: 12 total, 12 available
 Memory: 7545M
 Large Page Support: Disabled
 NUMA Support: Disabled
 Compressed Oops: Enabled (32-bit)
 Heap Region Size: 1M
 Heap Min Capacity: 8M
 Heap Initial Capacity: 118M
 Heap Max Capacity: 1888M
 Pre-touch: Disabled
 Parallel Workers: 10
 Concurrent Workers: 3
 Concurrent Refinement Workers: 10
 Periodic GC: Disabled

Heap:
 garbage-first heap   total 162816K, used 35983K [0x000000008a000000, 0x0000000100000000)
  region size 1024K, 4 young (4096K), 2 survivors (2048K)
 Metaspace       used 42360K, committed 43200K, reserved 1114112K
  class space    used 5155K, committed 5568K, reserved 1048576K

Heap Regions: E=young(eden), S=young(survivor), O=old, HS=humongous(starts), HC=humongous(continues), CS=collection set, F=free, OA=open archive, CA=closed archive, TAMS=top-at-mark-start (previous, next)
|   0|0x000000008a000000, 0x000000008a100000, 0x000000008a100000|100%|HS|  |TAMS 0x000000008a100000, 0x000000008a000000| Complete 
|   1|0x000000008a100000, 0x000000008a200000, 0x000000008a200000|100%|HC|  |TAMS 0x000000008a200000, 0x000000008a100000| Complete 
|   2|0x000000008a200000, 0x000000008a300000, 0x000000008a300000|100%|HC|  |TAMS 0x000000008a300000, 0x000000008a200000| Complete 
|   3|0x000000008a300000, 0x000000008a400000, 0x000000008a400000|100%|HC|  |TAMS 0x000000008a400000, 0x000000008a300000| Complete 
|   4|0x000000008a400000, 0x000000008a500000, 0x000000008a500000|100%| O|  |TAMS 0x000000008a500000, 0x000000008a400000| Untracked 
|   5|0x000000008a500000, 0x000000008a600000, 0x000000008a600000|100%| O|  |TAMS 0x000000008a600000, 0x000000008a500000| Untracked 
|   6|0x000000008a600000, 0x000000008a700000, 0x000000008a700000|100%| O|  |TAMS 0x000000008a700000, 0x000000008a600000| Untracked 
|   7|0x000000008a700000, 0x000000008a800000, 0x000000008a800000|100%| O|  |TAMS 0x000000008a700000, 0x000000008a700000| Untracked 
|   8|0x000000008a800000, 0x000000008a900000, 0x000000008a900000|100%|HS|  |TAMS 0x000000008a900000, 0x000000008a800000| Complete 
|   9|0x000000008a900000, 0x000000008aa00000, 0x000000008aa00000|100%|HC|  |TAMS 0x000000008aa00000, 0x000000008a900000| Complete 
|  10|0x000000008aa00000, 0x000000008ab00000, 0x000000008ab00000|100%|HC|  |TAMS 0x000000008ab00000, 0x000000008aa00000| Complete 
|  11|0x000000008ab00000, 0x000000008ac00000, 0x000000008ac00000|100%|HC|  |TAMS 0x000000008ac00000, 0x000000008ab00000| Complete 
|  12|0x000000008ac00000, 0x000000008ad00000, 0x000000008ad00000|100%| O|  |TAMS 0x000000008ac00000, 0x000000008ac00000| Untracked 
|  13|0x000000008ad00000, 0x000000008ae00000, 0x000000008ae00000|100%| O|  |TAMS 0x000000008ad00000, 0x000000008ad00000| Untracked 
|  14|0x000000008ae00000, 0x000000008af00000, 0x000000008af00000|100%| O|  |TAMS 0x000000008af00000, 0x000000008ae00000| Untracked 
|  15|0x000000008af00000, 0x000000008b000000, 0x000000008b000000|100%| O|  |TAMS 0x000000008b000000, 0x000000008af00000| Untracked 
|  16|0x000000008b000000, 0x000000008b100000, 0x000000008b100000|100%| O|  |TAMS 0x000000008b100000, 0x000000008b000000| Untracked 
|  17|0x000000008b100000, 0x000000008b200000, 0x000000008b200000|100%| O|  |TAMS 0x000000008b200000, 0x000000008b100000| Untracked 
|  18|0x000000008b200000, 0x000000008b300000, 0x000000008b300000|100%| O|  |TAMS 0x000000008b300000, 0x000000008b200000| Untracked 
|  19|0x000000008b300000, 0x000000008b400000, 0x000000008b400000|100%| O|  |TAMS 0x000000008b400000, 0x000000008b300000| Untracked 
|  20|0x000000008b400000, 0x000000008b500000, 0x000000008b500000|100%| O|  |TAMS 0x000000008b500000, 0x000000008b400000| Untracked 
|  21|0x000000008b500000, 0x000000008b600000, 0x000000008b600000|100%| O|  |TAMS 0x000000008b500000, 0x000000008b500000| Untracked 
|  22|0x000000008b600000, 0x000000008b700000, 0x000000008b700000|100%| O|  |TAMS 0x000000008b600000, 0x000000008b600000| Untracked 
|  23|0x000000008b700000, 0x000000008b800000, 0x000000008b800000|100%| O|  |TAMS 0x000000008b700000, 0x000000008b700000| Untracked 
|  24|0x000000008b800000, 0x000000008b900000, 0x000000008b900000|100%| O|  |TAMS 0x000000008b800000, 0x000000008b800000| Untracked 
|  25|0x000000008b900000, 0x000000008ba00000, 0x000000008ba00000|100%| O|  |TAMS 0x000000008b900000, 0x000000008b900000| Untracked 
|  26|0x000000008ba00000, 0x000000008bb00000, 0x000000008bb00000|100%| O|  |TAMS 0x000000008bb00000, 0x000000008ba00000| Untracked 
|  27|0x000000008bb00000, 0x000000008bc00000, 0x000000008bc00000|100%| O|  |TAMS 0x000000008bc00000, 0x000000008bb00000| Untracked 
|  28|0x000000008bc00000, 0x000000008bd00000, 0x000000008bd00000|100%| O|  |TAMS 0x000000008bd00000, 0x000000008bc00000| Untracked 
|  29|0x000000008bd00000, 0x000000008be00000, 0x000000008be00000|100%| O|  |TAMS 0x000000008be00000, 0x000000008bd00000| Untracked 
|  30|0x000000008be00000, 0x000000008be00000, 0x000000008bf00000|  0%| F|  |TAMS 0x000000008be00000, 0x000000008be00000| Untracked 
|  31|0x000000008bf00000, 0x000000008c000000, 0x000000008c000000|100%| O|  |TAMS 0x000000008bf7f800, 0x000000008bf00000| Untracked 
|  32|0x000000008c000000, 0x000000008c100000, 0x000000008c100000|100%| O|  |TAMS 0x000000008c000000, 0x000000008c000000| Untracked 
|  33|0x000000008c100000, 0x000000008c179a00, 0x000000008c200000| 47%| O|  |TAMS 0x000000008c100000, 0x000000008c100000| Untracked 
|  34|0x000000008c200000, 0x000000008c200000, 0x000000008c300000|  0%| F|  |TAMS 0x000000008c200000, 0x000000008c200000| Untracked 
|  35|0x000000008c300000, 0x000000008c300000, 0x000000008c400000|  0%| F|  |TAMS 0x000000008c300000, 0x000000008c300000| Untracked 
|  36|0x000000008c400000, 0x000000008c400000, 0x000000008c500000|  0%| F|  |TAMS 0x000000008c400000, 0x000000008c400000| Untracked 
|  37|0x000000008c500000, 0x000000008c500000, 0x000000008c600000|  0%| F|  |TAMS 0x000000008c500000, 0x000000008c500000| Untracked 
|  38|0x000000008c600000, 0x000000008c600000, 0x000000008c700000|  0%| F|  |TAMS 0x000000008c600000, 0x000000008c600000| Untracked 
|  39|0x000000008c700000, 0x000000008c700000, 0x000000008c800000|  0%| F|  |TAMS 0x000000008c700000, 0x000000008c700000| Untracked 
|  40|0x000000008c800000, 0x000000008c800000, 0x000000008c900000|  0%| F|  |TAMS 0x000000008c800000, 0x000000008c800000| Untracked 
|  41|0x000000008c900000, 0x000000008c900000, 0x000000008ca00000|  0%| F|  |TAMS 0x000000008c900000, 0x000000008c900000| Untracked 
|  42|0x000000008ca00000, 0x000000008ca00000, 0x000000008cb00000|  0%| F|  |TAMS 0x000000008ca00000, 0x000000008ca00000| Untracked 
|  43|0x000000008cb00000, 0x000000008cb00000, 0x000000008cc00000|  0%| F|  |TAMS 0x000000008cb00000, 0x000000008cb00000| Untracked 
|  44|0x000000008cc00000, 0x000000008cc00000, 0x000000008cd00000|  0%| F|  |TAMS 0x000000008cc00000, 0x000000008cc00000| Untracked 
|  45|0x000000008cd00000, 0x000000008cd00000, 0x000000008ce00000|  0%| F|  |TAMS 0x000000008cd00000, 0x000000008cd00000| Untracked 
|  46|0x000000008ce00000, 0x000000008ce00000, 0x000000008cf00000|  0%| F|  |TAMS 0x000000008ce00000, 0x000000008ce00000| Untracked 
|  47|0x000000008cf00000, 0x000000008cf00000, 0x000000008d000000|  0%| F|  |TAMS 0x000000008cf00000, 0x000000008cf00000| Untracked 
|  48|0x000000008d000000, 0x000000008d000000, 0x000000008d100000|  0%| F|  |TAMS 0x000000008d000000, 0x000000008d000000| Untracked 
|  49|0x000000008d100000, 0x000000008d1aa2e0, 0x000000008d200000| 66%| S|CS|TAMS 0x000000008d100000, 0x000000008d100000| Complete 
|  50|0x000000008d200000, 0x000000008d300000, 0x000000008d300000|100%| S|CS|TAMS 0x000000008d200000, 0x000000008d200000| Complete 
|  51|0x000000008d300000, 0x000000008d300000, 0x000000008d400000|  0%| F|  |TAMS 0x000000008d300000, 0x000000008d300000| Untracked 
|  52|0x000000008d400000, 0x000000008d400000, 0x000000008d500000|  0%| F|  |TAMS 0x000000008d400000, 0x000000008d400000| Untracked 
|  53|0x000000008d500000, 0x000000008d500000, 0x000000008d600000|  0%| F|  |TAMS 0x000000008d500000, 0x000000008d500000| Untracked 
|  54|0x000000008d600000, 0x000000008d600000, 0x000000008d700000|  0%| F|  |TAMS 0x000000008d600000, 0x000000008d600000| Untracked 
|  55|0x000000008d700000, 0x000000008d700000, 0x000000008d800000|  0%| F|  |TAMS 0x000000008d700000, 0x000000008d700000| Untracked 
|  56|0x000000008d800000, 0x000000008d800000, 0x000000008d900000|  0%| F|  |TAMS 0x000000008d800000, 0x000000008d800000| Untracked 
|  57|0x000000008d900000, 0x000000008d900000, 0x000000008da00000|  0%| F|  |TAMS 0x000000008d900000, 0x000000008d900000| Untracked 
|  58|0x000000008da00000, 0x000000008da00000, 0x000000008db00000|  0%| F|  |TAMS 0x000000008da00000, 0x000000008da00000| Untracked 
|  59|0x000000008db00000, 0x000000008db00000, 0x000000008dc00000|  0%| F|  |TAMS 0x000000008db00000, 0x000000008db00000| Untracked 
|  60|0x000000008dc00000, 0x000000008dc00000, 0x000000008dd00000|  0%| F|  |TAMS 0x000000008dc00000, 0x000000008dc00000| Untracked 
|  61|0x000000008dd00000, 0x000000008dd00000, 0x000000008de00000|  0%| F|  |TAMS 0x000000008dd00000, 0x000000008dd00000| Untracked 
|  62|0x000000008de00000, 0x000000008de00000, 0x000000008df00000|  0%| F|  |TAMS 0x000000008de00000, 0x000000008de00000| Untracked 
|  63|0x000000008df00000, 0x000000008df00000, 0x000000008e000000|  0%| F|  |TAMS 0x000000008df00000, 0x000000008df00000| Untracked 
|  64|0x000000008e000000, 0x000000008e000000, 0x000000008e100000|  0%| F|  |TAMS 0x000000008e000000, 0x000000008e000000| Untracked 
|  65|0x000000008e100000, 0x000000008e100000, 0x000000008e200000|  0%| F|  |TAMS 0x000000008e100000, 0x000000008e100000| Untracked 
|  66|0x000000008e200000, 0x000000008e200000, 0x000000008e300000|  0%| F|  |TAMS 0x000000008e200000, 0x000000008e200000| Untracked 
|  67|0x000000008e300000, 0x000000008e300000, 0x000000008e400000|  0%| F|  |TAMS 0x000000008e300000, 0x000000008e300000| Untracked 
|  68|0x000000008e400000, 0x000000008e400000, 0x000000008e500000|  0%| F|  |TAMS 0x000000008e400000, 0x000000008e400000| Untracked 
|  69|0x000000008e500000, 0x000000008e500000, 0x000000008e600000|  0%| F|  |TAMS 0x000000008e500000, 0x000000008e500000| Untracked 
|  70|0x000000008e600000, 0x000000008e600000, 0x000000008e700000|  0%| F|  |TAMS 0x000000008e600000, 0x000000008e600000| Untracked 
|  71|0x000000008e700000, 0x000000008e700000, 0x000000008e800000|  0%| F|  |TAMS 0x000000008e700000, 0x000000008e700000| Untracked 
|  72|0x000000008e800000, 0x000000008e800000, 0x000000008e900000|  0%| F|  |TAMS 0x000000008e800000, 0x000000008e800000| Untracked 
|  73|0x000000008e900000, 0x000000008e900000, 0x000000008ea00000|  0%| F|  |TAMS 0x000000008e900000, 0x000000008e900000| Untracked 
|  74|0x000000008ea00000, 0x000000008ea00000, 0x000000008eb00000|  0%| F|  |TAMS 0x000000008ea00000, 0x000000008ea00000| Untracked 
|  75|0x000000008eb00000, 0x000000008eb00000, 0x000000008ec00000|  0%| F|  |TAMS 0x000000008eb00000, 0x000000008eb00000| Untracked 
|  76|0x000000008ec00000, 0x000000008ec00000, 0x000000008ed00000|  0%| F|  |TAMS 0x000000008ec00000, 0x000000008ec00000| Untracked 
|  77|0x000000008ed00000, 0x000000008ed00000, 0x000000008ee00000|  0%| F|  |TAMS 0x000000008ed00000, 0x000000008ed00000| Untracked 
|  78|0x000000008ee00000, 0x000000008ee00000, 0x000000008ef00000|  0%| F|  |TAMS 0x000000008ee00000, 0x000000008ee00000| Untracked 
|  79|0x000000008ef00000, 0x000000008ef00000, 0x000000008f000000|  0%| F|  |TAMS 0x000000008ef00000, 0x000000008ef00000| Untracked 
|  80|0x000000008f000000, 0x000000008f000000, 0x000000008f100000|  0%| F|  |TAMS 0x000000008f000000, 0x000000008f000000| Untracked 
|  81|0x000000008f100000, 0x000000008f100000, 0x000000008f200000|  0%| F|  |TAMS 0x000000008f100000, 0x000000008f100000| Untracked 
|  82|0x000000008f200000, 0x000000008f200000, 0x000000008f300000|  0%| F|  |TAMS 0x000000008f200000, 0x000000008f200000| Untracked 
|  83|0x000000008f300000, 0x000000008f300000, 0x000000008f400000|  0%| F|  |TAMS 0x000000008f300000, 0x000000008f300000| Untracked 
|  84|0x000000008f400000, 0x000000008f400000, 0x000000008f500000|  0%| F|  |TAMS 0x000000008f400000, 0x000000008f400000| Untracked 
|  85|0x000000008f500000, 0x000000008f500000, 0x000000008f600000|  0%| F|  |TAMS 0x000000008f500000, 0x000000008f500000| Untracked 
|  86|0x000000008f600000, 0x000000008f600000, 0x000000008f700000|  0%| F|  |TAMS 0x000000008f600000, 0x000000008f600000| Untracked 
|  87|0x000000008f700000, 0x000000008f700000, 0x000000008f800000|  0%| F|  |TAMS 0x000000008f700000, 0x000000008f700000| Untracked 
|  88|0x000000008f800000, 0x000000008f800000, 0x000000008f900000|  0%| F|  |TAMS 0x000000008f800000, 0x000000008f800000| Untracked 
|  89|0x000000008f900000, 0x000000008f900000, 0x000000008fa00000|  0%| F|  |TAMS 0x000000008f900000, 0x000000008f900000| Untracked 
|  90|0x000000008fa00000, 0x000000008fa00000, 0x000000008fb00000|  0%| F|  |TAMS 0x000000008fa00000, 0x000000008fa00000| Untracked 
|  91|0x000000008fb00000, 0x000000008fb00000, 0x000000008fc00000|  0%| F|  |TAMS 0x000000008fb00000, 0x000000008fb00000| Untracked 
|  92|0x000000008fc00000, 0x000000008fc00000, 0x000000008fd00000|  0%| F|  |TAMS 0x000000008fc00000, 0x000000008fc00000| Untracked 
|  93|0x000000008fd00000, 0x000000008fd00000, 0x000000008fe00000|  0%| F|  |TAMS 0x000000008fd00000, 0x000000008fd00000| Untracked 
|  94|0x000000008fe00000, 0x000000008fe00000, 0x000000008ff00000|  0%| F|  |TAMS 0x000000008fe00000, 0x000000008fe00000| Untracked 
|  95|0x000000008ff00000, 0x000000008ff00000, 0x0000000090000000|  0%| F|  |TAMS 0x000000008ff00000, 0x000000008ff00000| Untracked 
|  96|0x0000000090000000, 0x0000000090000000, 0x0000000090100000|  0%| F|  |TAMS 0x0000000090000000, 0x0000000090000000| Untracked 
|  97|0x0000000090100000, 0x0000000090100000, 0x0000000090200000|  0%| F|  |TAMS 0x0000000090100000, 0x0000000090100000| Untracked 
|  98|0x0000000090200000, 0x0000000090200000, 0x0000000090300000|  0%| F|  |TAMS 0x0000000090200000, 0x0000000090200000| Untracked 
|  99|0x0000000090300000, 0x0000000090300000, 0x0000000090400000|  0%| F|  |TAMS 0x0000000090300000, 0x0000000090300000| Untracked 
| 100|0x0000000090400000, 0x0000000090400000, 0x0000000090500000|  0%| F|  |TAMS 0x0000000090400000, 0x0000000090400000| Untracked 
| 101|0x0000000090500000, 0x0000000090500000, 0x0000000090600000|  0%| F|  |TAMS 0x0000000090500000, 0x0000000090500000| Untracked 
| 102|0x0000000090600000, 0x0000000090600000, 0x0000000090700000|  0%| F|  |TAMS 0x0000000090600000, 0x0000000090600000| Untracked 
| 103|0x0000000090700000, 0x0000000090700000, 0x0000000090800000|  0%| F|  |TAMS 0x0000000090700000, 0x0000000090700000| Untracked 
| 104|0x0000000090800000, 0x0000000090800000, 0x0000000090900000|  0%| F|  |TAMS 0x0000000090800000, 0x0000000090800000| Untracked 
| 105|0x0000000090900000, 0x0000000090900000, 0x0000000090a00000|  0%| F|  |TAMS 0x0000000090900000, 0x0000000090900000| Untracked 
| 106|0x0000000090a00000, 0x0000000090a00000, 0x0000000090b00000|  0%| F|  |TAMS 0x0000000090a00000, 0x0000000090a00000| Untracked 
| 107|0x0000000090b00000, 0x0000000090b00000, 0x0000000090c00000|  0%| F|  |TAMS 0x0000000090b00000, 0x0000000090b00000| Untracked 
| 108|0x0000000090c00000, 0x0000000090c00000, 0x0000000090d00000|  0%| F|  |TAMS 0x0000000090c00000, 0x0000000090c00000| Untracked 
| 109|0x0000000090d00000, 0x0000000090d00000, 0x0000000090e00000|  0%| F|  |TAMS 0x0000000090d00000, 0x0000000090d00000| Untracked 
| 110|0x0000000090e00000, 0x0000000090e00000, 0x0000000090f00000|  0%| F|  |TAMS 0x0000000090e00000, 0x0000000090e00000| Untracked 
| 111|0x0000000090f00000, 0x0000000090f00000, 0x0000000091000000|  0%| F|  |TAMS 0x0000000090f00000, 0x0000000090f00000| Untracked 
| 112|0x0000000091000000, 0x0000000091000000, 0x0000000091100000|  0%| F|  |TAMS 0x0000000091000000, 0x0000000091000000| Untracked 
| 113|0x0000000091100000, 0x0000000091100000, 0x0000000091200000|  0%| F|  |TAMS 0x0000000091100000, 0x0000000091100000| Untracked 
| 114|0x0000000091200000, 0x0000000091200000, 0x0000000091300000|  0%| F|  |TAMS 0x0000000091200000, 0x0000000091200000| Untracked 
| 115|0x0000000091300000, 0x0000000091300000, 0x0000000091400000|  0%| F|  |TAMS 0x0000000091300000, 0x0000000091300000| Untracked 
| 116|0x0000000091400000, 0x0000000091400000, 0x0000000091500000|  0%| F|  |TAMS 0x0000000091400000, 0x0000000091400000| Untracked 
| 117|0x0000000091500000, 0x0000000091500000, 0x0000000091600000|  0%| F|  |TAMS 0x0000000091500000, 0x0000000091500000| Untracked 
| 118|0x0000000091600000, 0x0000000091600000, 0x0000000091700000|  0%| F|  |TAMS 0x0000000091600000, 0x0000000091600000| Untracked 
| 119|0x0000000091700000, 0x0000000091700000, 0x0000000091800000|  0%| F|  |TAMS 0x0000000091700000, 0x0000000091700000| Untracked 
| 120|0x0000000091800000, 0x0000000091800000, 0x0000000091900000|  0%| F|  |TAMS 0x0000000091800000, 0x0000000091800000| Untracked 
| 121|0x0000000091900000, 0x0000000091900000, 0x0000000091a00000|  0%| F|  |TAMS 0x0000000091900000, 0x0000000091900000| Untracked 
| 122|0x0000000091a00000, 0x0000000091a00000, 0x0000000091b00000|  0%| F|  |TAMS 0x0000000091a00000, 0x0000000091a00000| Untracked 
| 123|0x0000000091b00000, 0x0000000091b00000, 0x0000000091c00000|  0%| F|  |TAMS 0x0000000091b00000, 0x0000000091b00000| Untracked 
| 124|0x0000000091c00000, 0x0000000091c00000, 0x0000000091d00000|  0%| F|  |TAMS 0x0000000091c00000, 0x0000000091c00000| Untracked 
| 125|0x0000000091d00000, 0x0000000091d00000, 0x0000000091e00000|  0%| F|  |TAMS 0x0000000091d00000, 0x0000000091d00000| Untracked 
| 126|0x0000000091e00000, 0x0000000091e00000, 0x0000000091f00000|  0%| F|  |TAMS 0x0000000091e00000, 0x0000000091e00000| Untracked 
| 127|0x0000000091f00000, 0x0000000091f00000, 0x0000000092000000|  0%| F|  |TAMS 0x0000000091f00000, 0x0000000091f00000| Untracked 
| 128|0x0000000092000000, 0x0000000092000000, 0x0000000092100000|  0%| F|  |TAMS 0x0000000092000000, 0x0000000092000000| Untracked 
| 129|0x0000000092100000, 0x0000000092100000, 0x0000000092200000|  0%| F|  |TAMS 0x0000000092100000, 0x0000000092100000| Untracked 
| 130|0x0000000092200000, 0x0000000092200000, 0x0000000092300000|  0%| F|  |TAMS 0x0000000092200000, 0x0000000092200000| Untracked 
| 131|0x0000000092300000, 0x0000000092300000, 0x0000000092400000|  0%| F|  |TAMS 0x0000000092300000, 0x0000000092300000| Untracked 
| 132|0x0000000092400000, 0x0000000092400000, 0x0000000092500000|  0%| F|  |TAMS 0x0000000092400000, 0x0000000092400000| Untracked 
| 133|0x0000000092500000, 0x0000000092500000, 0x0000000092600000|  0%| F|  |TAMS 0x0000000092500000, 0x0000000092500000| Untracked 
| 134|0x0000000092600000, 0x0000000092600000, 0x0000000092700000|  0%| F|  |TAMS 0x0000000092600000, 0x0000000092600000| Untracked 
| 135|0x0000000092700000, 0x0000000092700000, 0x0000000092800000|  0%| F|  |TAMS 0x0000000092700000, 0x0000000092700000| Untracked 
| 136|0x0000000092800000, 0x0000000092800000, 0x0000000092900000|  0%| F|  |TAMS 0x0000000092800000, 0x0000000092800000| Untracked 
| 137|0x0000000092900000, 0x0000000092900000, 0x0000000092a00000|  0%| F|  |TAMS 0x0000000092900000, 0x0000000092900000| Untracked 
| 138|0x0000000092a00000, 0x0000000092a00000, 0x0000000092b00000|  0%| F|  |TAMS 0x0000000092a00000, 0x0000000092a00000| Untracked 
| 139|0x0000000092b00000, 0x0000000092b00000, 0x0000000092c00000|  0%| F|  |TAMS 0x0000000092b00000, 0x0000000092b00000| Untracked 
| 140|0x0000000092c00000, 0x0000000092c00000, 0x0000000092d00000|  0%| F|  |TAMS 0x0000000092c00000, 0x0000000092c00000| Untracked 
| 141|0x0000000092d00000, 0x0000000092d00000, 0x0000000092e00000|  0%| F|  |TAMS 0x0000000092d00000, 0x0000000092d00000| Untracked 
| 142|0x0000000092e00000, 0x0000000092e00000, 0x0000000092f00000|  0%| F|  |TAMS 0x0000000092e00000, 0x0000000092e00000| Untracked 
| 143|0x0000000092f00000, 0x0000000092f00000, 0x0000000093000000|  0%| F|  |TAMS 0x0000000092f00000, 0x0000000092f00000| Untracked 
| 144|0x0000000093000000, 0x0000000093000000, 0x0000000093100000|  0%| F|  |TAMS 0x0000000093000000, 0x0000000093000000| Untracked 
| 145|0x0000000093100000, 0x0000000093100000, 0x0000000093200000|  0%| F|  |TAMS 0x0000000093100000, 0x0000000093100000| Untracked 
| 146|0x0000000093200000, 0x0000000093200000, 0x0000000093300000|  0%| F|  |TAMS 0x0000000093200000, 0x0000000093200000| Untracked 
| 147|0x0000000093300000, 0x0000000093300000, 0x0000000093400000|  0%| F|  |TAMS 0x0000000093300000, 0x0000000093300000| Untracked 
| 148|0x0000000093400000, 0x0000000093400000, 0x0000000093500000|  0%| F|  |TAMS 0x0000000093400000, 0x0000000093400000| Untracked 
| 149|0x0000000093500000, 0x0000000093500000, 0x0000000093600000|  0%| F|  |TAMS 0x0000000093500000, 0x0000000093500000| Untracked 
| 150|0x0000000093600000, 0x0000000093600000, 0x0000000093700000|  0%| F|  |TAMS 0x0000000093600000, 0x0000000093600000| Untracked 
| 151|0x0000000093700000, 0x0000000093700000, 0x0000000093800000|  0%| F|  |TAMS 0x0000000093700000, 0x0000000093700000| Untracked 
| 152|0x0000000093800000, 0x0000000093800000, 0x0000000093900000|  0%| F|  |TAMS 0x0000000093800000, 0x0000000093800000| Untracked 
| 153|0x0000000093900000, 0x0000000093900000, 0x0000000093a00000|  0%| F|  |TAMS 0x0000000093900000, 0x0000000093900000| Untracked 
| 154|0x0000000093a00000, 0x0000000093a00000, 0x0000000093b00000|  0%| F|  |TAMS 0x0000000093a00000, 0x0000000093a00000| Untracked 
| 155|0x0000000093b00000, 0x0000000093b00000, 0x0000000093c00000|  0%| F|  |TAMS 0x0000000093b00000, 0x0000000093b00000| Untracked 
| 156|0x0000000093c00000, 0x0000000093c00000, 0x0000000093d00000|  0%| F|  |TAMS 0x0000000093c00000, 0x0000000093c00000| Untracked 
| 157|0x0000000093d00000, 0x0000000093df7fc8, 0x0000000093e00000| 96%| E|  |TAMS 0x0000000093d00000, 0x0000000093d00000| Complete 
| 158|0x0000000093e00000, 0x0000000093f00000, 0x0000000093f00000|100%| E|CS|TAMS 0x0000000093e00000, 0x0000000093e00000| Complete 

Card table byte_map: [0x000001db7d060000,0x000001db7d410000] _byte_map_base: 0x000001db7cc10000

Marking Bits (Prev, Next): (CMBitMap*) 0x000001db6584ac90, (CMBitMap*) 0x000001db6584acd0
 Prev Bits: [0x000001db7d7c0000, 0x000001db7f540000)
 Next Bits: [0x000001db00000000, 0x000001db01d80000)

Polling page: 0x000001db64fc0000

Metaspace:

Usage:
  Non-class:     36.39 MB used.
      Class:      5.04 MB used.
       Both:     41.43 MB used.

Virtual space:
  Non-class space:       64.00 MB reserved,      36.81 MB ( 58%) committed,  1 nodes.
      Class space:        1.00 GB reserved,       5.44 MB ( <1%) committed,  1 nodes.
             Both:        1.06 GB reserved,      42.25 MB (  4%) committed. 

Chunk freelists:
   Non-Class:  3.05 MB
       Class:  2.53 MB
        Both:  5.58 MB

MaxMetaspaceSize: unlimited
CompressedClassSpaceSize: 1.00 GB
Initial GC threshold: 21.00 MB
Current GC threshold: 58.88 MB
CDS: on
MetaspaceReclaimPolicy: balanced
 - commit_granule_bytes: 65536.
 - commit_granule_words: 8192.
 - virtual_space_node_default_size: 8388608.
 - enlarge_chunks_in_place: 1.
 - new_chunks_are_fully_committed: 0.
 - uncommit_free_chunks: 1.
 - use_allocation_guard: 0.


Internal statistics:

num_allocs_failed_limit: 6.
num_arena_births: 1236.
num_arena_deaths: 0.
num_vsnodes_births: 2.
num_vsnodes_deaths: 0.
num_space_committed: 674.
num_space_uncommitted: 0.
num_chunks_returned_to_freelist: 6.
num_chunks_taken_from_freelist: 2962.
num_chunk_merges: 6.
num_chunk_splits: 2122.
num_chunks_enlarged: 1473.
num_inconsistent_stats: 0.

CodeHeap 'non-profiled nmethods': size=120000Kb used=2276Kb max_used=2276Kb free=117723Kb
 bounds [0x000001db75220000, 0x000001db75490000, 0x000001db7c750000]
CodeHeap 'profiled nmethods': size=120000Kb used=9440Kb max_used=9440Kb free=110559Kb
 bounds [0x000001db6d750000, 0x000001db6e090000, 0x000001db74c80000]
CodeHeap 'non-nmethods': size=5760Kb used=1376Kb max_used=1438Kb free=4383Kb
 bounds [0x000001db74c80000, 0x000001db74ef0000, 0x000001db75220000]
 total_blobs=5288 nmethods=4676 adapters=522
 compilation: enabled
              stopped_count=0, restarted_count=0
 full_count=0

Compilation events (20 events):
Event: 6.631 Thread 0x000001db03f78850 4676       2       gnu.trove.THashMap::put (102 bytes)
Event: 6.632 Thread 0x000001db03f78850 nmethod 4676 0x000001db6e079590 code [0x000001db6e079780, 0x000001db6e079c48]
Event: 6.632 Thread 0x000001db03f78850 4677       2       kotlin.internal.ProgressionUtilKt::getProgressionLastElement (61 bytes)
Event: 6.632 Thread 0x000001db03f78850 nmethod 4677 0x000001db6e079f10 code [0x000001db6e07a0c0, 0x000001db6e07a3c8]
Event: 6.632 Thread 0x000001db03f78850 4678       2       kotlin.ranges.IntRange::<init> (8 bytes)
Event: 6.632 Thread 0x000001db03f78850 nmethod 4678 0x000001db6e07a610 code [0x000001db6e07a7c0, 0x000001db6e07a8e8]
Event: 6.650 Thread 0x000001db03f78850 4679       2       org.jetbrains.org.objectweb.asm.ClassReader::readClass (7 bytes)
Event: 6.650 Thread 0x000001db03f78850 nmethod 4679 0x000001db6e07a990 code [0x000001db6e07ab60, 0x000001db6e07ad48]
Event: 6.650 Thread 0x000001db03f78850 4680       2       org.jetbrains.org.objectweb.asm.ClassReader::readStringish (16 bytes)
Event: 6.650 Thread 0x000001db03f78850 nmethod 4680 0x000001db6e07ae90 code [0x000001db6e07b060, 0x000001db6e07b228]
Event: 6.655 Thread 0x000001db03f78850 4681       2       java.text.StringCharacterIterator::current (37 bytes)
Event: 6.655 Thread 0x000001db03f78850 nmethod 4681 0x000001db6e07b390 code [0x000001db6e07b540, 0x000001db6e07b798]
Event: 6.656 Thread 0x000001db03f78850 4682       2       java.text.StringCharacterIterator::next (46 bytes)
Event: 6.656 Thread 0x000001db03f78850 nmethod 4682 0x000001db6e07b990 code [0x000001db6e07bb40, 0x000001db6e07bd98]
Event: 6.658 Thread 0x000001db03f78850 4683       3       java.text.StringCharacterIterator::current (37 bytes)
Event: 6.659 Thread 0x000001db03f78850 nmethod 4683 0x000001db6e07bf90 code [0x000001db6e07c1a0, 0x000001db6e07c7f8]
Event: 6.659 Thread 0x000001db03f78850 4684       2       org.jetbrains.kotlin.utils.SmartList::<init> (5 bytes)
Event: 6.659 Thread 0x000001db03f78850 nmethod 4684 0x000001db6e07ca90 code [0x000001db6e07cc20, 0x000001db6e07cd38]
Event: 6.659 Thread 0x000001db03f78850 4686       2       org.jetbrains.kotlin.load.java.structure.impl.classFiles.CommonMixinsKt::isSet (12 bytes)
Event: 6.659 Thread 0x000001db03f78850 nmethod 4686 0x000001db6e07ce10 code [0x000001db6e07cfa0, 0x000001db6e07d098]

GC Heap History (20 events):
Event: 0.916 GC heap before
{Heap before GC invocations=0 (full 0):
 garbage-first heap   total 120832K, used 27648K [0x000000008a000000, 0x0000000100000000)
  region size 1024K, 23 young (23552K), 0 survivors (0K)
 Metaspace       used 6326K, committed 6400K, reserved 1114112K
  class space    used 588K, committed 640K, reserved 1048576K
}
Event: 0.929 GC heap after
{Heap after GC invocations=1 (full 0):
 garbage-first heap   total 120832K, used 7333K [0x000000008a000000, 0x0000000100000000)
  region size 1024K, 3 young (3072K), 3 survivors (3072K)
 Metaspace       used 6326K, committed 6400K, reserved 1114112K
  class space    used 588K, committed 640K, reserved 1048576K
}
Event: 2.092 GC heap before
{Heap before GC invocations=1 (full 0):
 garbage-first heap   total 120832K, used 40101K [0x000000008a000000, 0x0000000100000000)
  region size 1024K, 35 young (35840K), 3 survivors (3072K)
 Metaspace       used 13493K, committed 13696K, reserved 1114112K
  class space    used 1486K, committed 1536K, reserved 1048576K
}
Event: 2.106 GC heap after
{Heap after GC invocations=2 (full 0):
 garbage-first heap   total 120832K, used 11121K [0x000000008a000000, 0x0000000100000000)
  region size 1024K, 4 young (4096K), 4 survivors (4096K)
 Metaspace       used 13493K, committed 13696K, reserved 1114112K
  class space    used 1486K, committed 1536K, reserved 1048576K
}
Event: 3.024 GC heap before
{Heap before GC invocations=2 (full 0):
 garbage-first heap   total 120832K, used 41841K [0x000000008a000000, 0x0000000100000000)
  region size 1024K, 31 young (31744K), 4 survivors (4096K)
 Metaspace       used 21247K, committed 21504K, reserved 1114112K
  class space    used 2439K, committed 2560K, reserved 1048576K
}
Event: 3.035 GC heap after
{Heap after GC invocations=3 (full 0):
 garbage-first heap   total 120832K, used 17537K [0x000000008a000000, 0x0000000100000000)
  region size 1024K, 6 young (6144K), 6 survivors (6144K)
 Metaspace       used 21247K, committed 21504K, reserved 1114112K
  class space    used 2439K, committed 2560K, reserved 1048576K
}
Event: 3.955 GC heap before
{Heap before GC invocations=4 (full 0):
 garbage-first heap   total 65536K, used 52353K [0x000000008a000000, 0x0000000100000000)
  region size 1024K, 38 young (38912K), 6 survivors (6144K)
 Metaspace       used 26107K, committed 26432K, reserved 1114112K
  class space    used 3442K, committed 3584K, reserved 1048576K
}
Event: 3.977 GC heap after
{Heap after GC invocations=5 (full 0):
 garbage-first heap   total 65536K, used 25421K [0x000000008a000000, 0x0000000100000000)
  region size 1024K, 5 young (5120K), 5 survivors (5120K)
 Metaspace       used 26107K, committed 26432K, reserved 1114112K
  class space    used 3442K, committed 3584K, reserved 1048576K
}
Event: 3.993 GC heap before
{Heap before GC invocations=5 (full 0):
 garbage-first heap   total 65536K, used 26445K [0x000000008a000000, 0x0000000100000000)
  region size 1024K, 6 young (6144K), 5 survivors (5120K)
 Metaspace       used 26364K, committed 26624K, reserved 1114112K
  class space    used 3473K, committed 3584K, reserved 1048576K
}
Event: 3.999 GC heap after
{Heap after GC invocations=6 (full 0):
 garbage-first heap   total 78848K, used 27124K [0x000000008a000000, 0x0000000100000000)
  region size 1024K, 1 young (1024K), 1 survivors (1024K)
 Metaspace       used 26364K, committed 26624K, reserved 1114112K
  class space    used 3473K, committed 3584K, reserved 1048576K
}
Event: 4.560 GC heap before
{Heap before GC invocations=6 (full 0):
 garbage-first heap   total 78848K, used 54772K [0x000000008a000000, 0x0000000100000000)
  region size 1024K, 29 young (29696K), 1 survivors (1024K)
 Metaspace       used 31780K, committed 32064K, reserved 1114112K
  class space    used 4003K, committed 4096K, reserved 1048576K
}
Event: 4.567 GC heap after
{Heap after GC invocations=7 (full 0):
 garbage-first heap   total 78848K, used 27937K [0x000000008a000000, 0x0000000100000000)
  region size 1024K, 4 young (4096K), 4 survivors (4096K)
 Metaspace       used 31780K, committed 32064K, reserved 1114112K
  class space    used 4003K, committed 4096K, reserved 1048576K
}
Event: 5.174 GC heap before
{Heap before GC invocations=7 (full 0):
 garbage-first heap   total 78848K, used 49441K [0x000000008a000000, 0x0000000100000000)
  region size 1024K, 27 young (27648K), 4 survivors (4096K)
 Metaspace       used 35469K, committed 36096K, reserved 1114112K
  class space    used 4414K, committed 4736K, reserved 1048576K
}
Event: 5.185 GC heap after
{Heap after GC invocations=8 (full 0):
 garbage-first heap   total 78848K, used 30129K [0x000000008a000000, 0x0000000100000000)
  region size 1024K, 3 young (3072K), 3 survivors (3072K)
 Metaspace       used 35469K, committed 36096K, reserved 1114112K
  class space    used 4414K, committed 4736K, reserved 1048576K
}
Event: 6.349 GC heap before
{Heap before GC invocations=9 (full 0):
 garbage-first heap   total 78848K, used 57777K [0x000000008a000000, 0x0000000100000000)
  region size 1024K, 30 young (30720K), 3 survivors (3072K)
 Metaspace       used 41143K, committed 41920K, reserved 1114112K
  class space    used 5057K, committed 5440K, reserved 1048576K
}
Event: 6.361 GC heap after
{Heap after GC invocations=10 (full 0):
 garbage-first heap   total 78848K, used 33356K [0x000000008a000000, 0x0000000100000000)
  region size 1024K, 4 young (4096K), 4 survivors (4096K)
 Metaspace       used 41143K, committed 41920K, reserved 1114112K
  class space    used 5057K, committed 5440K, reserved 1048576K
}
Event: 6.392 GC heap before
{Heap before GC invocations=10 (full 0):
 garbage-first heap   total 78848K, used 34380K [0x000000008a000000, 0x0000000100000000)
  region size 1024K, 5 young (5120K), 4 survivors (4096K)
 Metaspace       used 41249K, committed 42048K, reserved 1114112K
  class space    used 5069K, committed 5504K, reserved 1048576K
}
Event: 6.402 GC heap after
{Heap after GC invocations=11 (full 0):
 garbage-first heap   total 78848K, used 33974K [0x000000008a000000, 0x0000000100000000)
  region size 1024K, 1 young (1024K), 1 survivors (1024K)
 Metaspace       used 41249K, committed 42048K, reserved 1114112K
  class space    used 5069K, committed 5504K, reserved 1048576K
}
Event: 6.640 GC heap before
{Heap before GC invocations=11 (full 0):
 garbage-first heap   total 78848K, used 59574K [0x000000008a000000, 0x0000000100000000)
  region size 1024K, 26 young (26624K), 1 survivors (1024K)
 Metaspace       used 42006K, committed 42752K, reserved 1114112K
  class space    used 5117K, committed 5504K, reserved 1048576K
}
Event: 6.645 GC heap after
{Heap after GC invocations=12 (full 0):
 garbage-first heap   total 162816K, used 34959K [0x000000008a000000, 0x0000000100000000)
  region size 1024K, 2 young (2048K), 2 survivors (2048K)
 Metaspace       used 42006K, committed 42752K, reserved 1114112K
  class space    used 5117K, committed 5504K, reserved 1048576K
}

Dll operation events (7 events):
Event: 0.010 Loaded shared library C:\Users\mahmo\.jdks\openjdk-19.0.1\bin\java.dll
Event: 0.044 Loaded shared library C:\Users\mahmo\.jdks\openjdk-19.0.1\bin\jsvml.dll
Event: 0.122 Loaded shared library C:\Users\mahmo\.jdks\openjdk-19.0.1\bin\net.dll
Event: 0.124 Loaded shared library C:\Users\mahmo\.jdks\openjdk-19.0.1\bin\nio.dll
Event: 0.154 Loaded shared library C:\Users\mahmo\.jdks\openjdk-19.0.1\bin\zip.dll
Event: 0.190 Loaded shared library C:\Users\mahmo\.jdks\openjdk-19.0.1\bin\jimage.dll
Event: 1.863 Loaded shared library C:\Users\mahmo\.jdks\openjdk-19.0.1\bin\verify.dll

Deoptimization events (20 events):
Event: 6.053 Thread 0x000001db657eb1a0 DEOPT PACKING pc=0x000001db75363d1c sp=0x00000047a0cfb710
Event: 6.053 Thread 0x000001db657eb1a0 DEOPT UNPACKING pc=0x000001db74ce6da3 sp=0x00000047a0cfb5f8 mode 2
Event: 6.125 Thread 0x000001db657eb1a0 Uncommon trap: trap_request=0xffffffc6 fr.pc=0x000001db75361c38 relative=0x0000000000000098
Event: 6.125 Thread 0x000001db657eb1a0 Uncommon trap: reason=bimorphic_or_optimized_type_check action=maybe_recompile pc=0x000001db75361c38 method=java.util.AbstractList$Itr.hasNext()Z @ 8 c2
Event: 6.125 Thread 0x000001db657eb1a0 DEOPT PACKING pc=0x000001db75361c38 sp=0x00000047a0cfcb70
Event: 6.125 Thread 0x000001db657eb1a0 DEOPT UNPACKING pc=0x000001db74ce6da3 sp=0x00000047a0cfcb08 mode 2
Event: 6.271 Thread 0x000001db657eb1a0 Uncommon trap: trap_request=0xffffffc6 fr.pc=0x000001db75361c38 relative=0x0000000000000098
Event: 6.271 Thread 0x000001db657eb1a0 Uncommon trap: reason=bimorphic_or_optimized_type_check action=maybe_recompile pc=0x000001db75361c38 method=java.util.AbstractList$Itr.hasNext()Z @ 8 c2
Event: 6.271 Thread 0x000001db657eb1a0 DEOPT PACKING pc=0x000001db75361c38 sp=0x00000047a0cfc430
Event: 6.271 Thread 0x000001db657eb1a0 DEOPT UNPACKING pc=0x000001db74ce6da3 sp=0x00000047a0cfc3c8 mode 2
Event: 6.271 Thread 0x000001db657eb1a0 Uncommon trap: trap_request=0xffffffc6 fr.pc=0x000001db75361c38 relative=0x0000000000000098
Event: 6.271 Thread 0x000001db657eb1a0 Uncommon trap: reason=bimorphic_or_optimized_type_check action=maybe_recompile pc=0x000001db75361c38 method=java.util.AbstractList$Itr.hasNext()Z @ 8 c2
Event: 6.271 Thread 0x000001db657eb1a0 DEOPT PACKING pc=0x000001db75361c38 sp=0x00000047a0cfc430
Event: 6.271 Thread 0x000001db657eb1a0 DEOPT UNPACKING pc=0x000001db74ce6da3 sp=0x00000047a0cfc3c8 mode 2
Event: 6.375 Thread 0x000001db657eb1a0 DEOPT PACKING pc=0x000001db6dbbca36 sp=0x00000047a0cfa0a0
Event: 6.375 Thread 0x000001db657eb1a0 DEOPT UNPACKING pc=0x000001db74ce7543 sp=0x00000047a0cf9620 mode 0
Event: 6.377 Thread 0x000001db657eb1a0 Uncommon trap: trap_request=0xffffffc6 fr.pc=0x000001db75361c38 relative=0x0000000000000098
Event: 6.377 Thread 0x000001db657eb1a0 Uncommon trap: reason=bimorphic_or_optimized_type_check action=maybe_recompile pc=0x000001db75361c38 method=java.util.AbstractList$Itr.hasNext()Z @ 8 c2
Event: 6.377 Thread 0x000001db657eb1a0 DEOPT PACKING pc=0x000001db75361c38 sp=0x00000047a0cfb700
Event: 6.377 Thread 0x000001db657eb1a0 DEOPT UNPACKING pc=0x000001db74ce6da3 sp=0x00000047a0cfb698 mode 2

Classes loaded (20 events):
Event: 5.372 Loading class java/util/EmptyStackException
Event: 5.372 Loading class java/util/EmptyStackException done
Event: 5.386 Loading class java/util/BitSet
Event: 5.386 Loading class java/util/BitSet done
Event: 5.388 Loading class java/util/PrimitiveIterator$OfInt
Event: 5.388 Loading class java/util/PrimitiveIterator
Event: 5.388 Loading class java/util/PrimitiveIterator done
Event: 5.388 Loading class java/util/PrimitiveIterator$OfInt done
Event: 5.420 Loading class java/util/function/IntUnaryOperator
Event: 5.420 Loading class java/util/function/IntUnaryOperator done
Event: 5.764 Loading class java/util/ArrayList$ListItr
Event: 5.764 Loading class java/util/ArrayList$ListItr done
Event: 6.366 Loading class java/util/AbstractList$SubList$1
Event: 6.366 Loading class java/util/AbstractList$SubList$1 done
Event: 6.366 Loading class java/util/AbstractList$ListItr
Event: 6.366 Loading class java/util/AbstractList$ListItr done
Event: 6.650 Loading class java/text/StringCharacterIterator
Event: 6.650 Loading class java/text/CharacterIterator
Event: 6.650 Loading class java/text/CharacterIterator done
Event: 6.650 Loading class java/text/StringCharacterIterator done

Classes unloaded (0 events):
No events

Classes redefined (0 events):
No events

Internal exceptions (20 events):
Event: 5.012 Thread 0x000001db657eb1a0 Exception <a 'java/lang/NoSuchMethodError'{0x000000008d9b20b8}: 'java.lang.Object java.lang.invoke.DirectMethodHandle$Holder.invokeSpecial(java.lang.Object, java.lang.Object, java.lang.Object, java.lang.Object, java.lang.Object, java.lang.Object, java.lang.Object, java.lang.Object, java.lang.Object, java.lang.Object, java.lang.Object, java.lang.Object, java.lang.Object, java.lang.Object, java.lang.Object, java.lang.Object, java.lang.Object, java.lang.Object, java.lang.Object, java.lang.Object, java.lang.Ob
Event: 5.013 Thread 0x000001db657eb1a0 Exception <a 'java/lang/NoSuchMethodError'{0x000000008d9b7338}: 'java.lang.Object java.lang.invoke.DelegatingMethodHandle$Holder.reinvoke_L(java.lang.Object, java.lang.Object, java.lang.Object, java.lang.Object, java.lang.Object, java.lang.Object, java.lang.Object, java.lang.Object, java.lang.Object, java.lang.Object, java.lang.Object, java.lang.Object, java.lang.Object, java.lang.Object, java.lang.Object, java.lang.Object, java.lang.Object, java.lang.Object, java.lang.Object, java.lang.Object)'> (0x000000
Event: 5.160 Thread 0x000001db657eb1a0 Exception <a 'java/lang/NoSuchMethodError'{0x000000008d792e18}: 'java.lang.Object java.lang.invoke.DirectMethodHandle$Holder.newInvokeSpecial(java.lang.Object, java.lang.Object, java.lang.Object, java.lang.Object, java.lang.Object, java.lang.Object, java.lang.Object, java.lang.Object, java.lang.Object, java.lang.Object, java.lang.Object, java.lang.Object, java.lang.Object, java.lang.Object, java.lang.Object, java.lang.Object)'> (0x000000008d792e18) 
thrown [s\open\src\hotspot\share\interpreter\linkResolver
Event: 5.160 Thread 0x000001db657eb1a0 Exception <a 'java/lang/NoSuchMethodError'{0x000000008d798858}: 'java.lang.Object java.lang.invoke.DirectMethodHandle$Holder.invokeSpecial(java.lang.Object, java.lang.Object, java.lang.Object, java.lang.Object, java.lang.Object, java.lang.Object, java.lang.Object, java.lang.Object, java.lang.Object, java.lang.Object, java.lang.Object, java.lang.Object, java.lang.Object, java.lang.Object, java.lang.Object, java.lang.Object, java.lang.Object)'> (0x000000008d798858) 
thrown [s\open\src\hotspot\share\interpret
Event: 5.160 Thread 0x000001db657eb1a0 Exception <a 'java/lang/NoSuchMethodError'{0x000000008d79d458}: 'java.lang.Object java.lang.invoke.DelegatingMethodHandle$Holder.reinvoke_L(java.lang.Object, java.lang.Object, java.lang.Object, java.lang.Object, java.lang.Object, java.lang.Object, java.lang.Object, java.lang.Object, java.lang.Object, java.lang.Object, java.lang.Object, java.lang.Object, java.lang.Object, java.lang.Object, java.lang.Object, java.lang.Object)'> (0x000000008d79d458) 
thrown [s\open\src\hotspot\share\interpreter\linkResolver.c
Event: 5.218 Thread 0x000001db657eb1a0 Exception <a 'java/lang/NoSuchMethodError'{0x0000000091566730}: 'java.lang.Object java.lang.invoke.DirectMethodHandle$Holder.newInvokeSpecial(java.lang.Object, java.lang.Object, java.lang.Object, java.lang.Object, java.lang.Object, java.lang.Object, java.lang.Object, java.lang.Object, java.lang.Object, java.lang.Object, java.lang.Object, java.lang.Object, java.lang.Object, java.lang.Object, java.lang.Object, java.lang.Object, java.lang.Object, java.lang.Object, java.lang.Object, java.lang.Object, java.lang
Event: 5.219 Thread 0x000001db657eb1a0 Exception <a 'java/lang/NoSuchMethodError'{0x000000009156d938}: 'java.lang.Object java.lang.invoke.DirectMethodHandle$Holder.invokeSpecial(java.lang.Object, java.lang.Object, java.lang.Object, java.lang.Object, java.lang.Object, java.lang.Object, java.lang.Object, java.lang.Object, java.lang.Object, java.lang.Object, java.lang.Object, java.lang.Object, java.lang.Object, java.lang.Object, java.lang.Object, java.lang.Object, java.lang.Object, java.lang.Object, java.lang.Object, java.lang.Object, java.lang.Ob
Event: 5.219 Thread 0x000001db657eb1a0 Exception <a 'java/lang/NoSuchMethodError'{0x0000000091573320}: 'java.lang.Object java.lang.invoke.DelegatingMethodHandle$Holder.reinvoke_L(java.lang.Object, java.lang.Object, java.lang.Object, java.lang.Object, java.lang.Object, java.lang.Object, java.lang.Object, java.lang.Object, java.lang.Object, java.lang.Object, java.lang.Object, java.lang.Object, java.lang.Object, java.lang.Object, java.lang.Object, java.lang.Object, java.lang.Object, java.lang.Object, java.lang.Object, java.lang.Object, java.lang.O
Event: 5.226 Thread 0x000001db657eb1a0 Exception <a 'java/lang/NoSuchMethodError'{0x000000008fa42c88}: 'java.lang.Object java.lang.invoke.DirectMethodHandle$Holder.invokeStatic(java.lang.Object, java.lang.Object, java.lang.Object, java.lang.Object, java.lang.Object, java.lang.Object, java.lang.Object, java.lang.Object, java.lang.Object, java.lang.Object, java.lang.Object, java.lang.Object, java.lang.Object, java.lang.Object, java.lang.Object, java.lang.Object, java.lang.Object, java.lang.Object, java.lang.Object, java.lang.Object, java.lang.Obj
Event: 5.238 Thread 0x000001db657eb1a0 Exception <a 'java/lang/NoSuchMethodError'{0x000000008fa75038}: 'java.lang.Object java.lang.invoke.DirectMethodHandle$Holder.invokeStatic(java.lang.Object, java.lang.Object, java.lang.Object, java.lang.Object, java.lang.Object, java.lang.Object, java.lang.Object, java.lang.Object, java.lang.Object, java.lang.Object, java.lang.Object, java.lang.Object, java.lang.Object, java.lang.Object, java.lang.Object, java.lang.Object, java.lang.Object, java.lang.Object, java.lang.Object, java.lang.Object, java.lang.Obj
Event: 5.249 Thread 0x000001db657eb1a0 Exception <a 'java/lang/NoSuchMethodError'{0x000000008fae1540}: 'java.lang.Object java.lang.invoke.DirectMethodHandle$Holder.newInvokeSpecial(java.lang.Object, java.lang.Object, java.lang.Object, java.lang.Object, java.lang.Object, java.lang.Object, java.lang.Object, java.lang.Object, java.lang.Object, java.lang.Object, java.lang.Object, java.lang.Object, java.lang.Object)'> (0x000000008fae1540) 
thrown [s\open\src\hotspot\share\interpreter\linkResolver.cpp, line 774]
Event: 5.249 Thread 0x000001db657eb1a0 Exception <a 'java/lang/NoSuchMethodError'{0x000000008fae6748}: 'java.lang.Object java.lang.invoke.DirectMethodHandle$Holder.invokeSpecial(java.lang.Object, java.lang.Object, java.lang.Object, java.lang.Object, java.lang.Object, java.lang.Object, java.lang.Object, java.lang.Object, java.lang.Object, java.lang.Object, java.lang.Object, java.lang.Object, java.lang.Object, java.lang.Object)'> (0x000000008fae6748) 
thrown [s\open\src\hotspot\share\interpreter\linkResolver.cpp, line 774]
Event: 5.249 Thread 0x000001db657eb1a0 Exception <a 'java/lang/NoSuchMethodError'{0x000000008faeaf08}: 'java.lang.Object java.lang.invoke.DelegatingMethodHandle$Holder.reinvoke_L(java.lang.Object, java.lang.Object, java.lang.Object, java.lang.Object, java.lang.Object, java.lang.Object, java.lang.Object, java.lang.Object, java.lang.Object, java.lang.Object, java.lang.Object, java.lang.Object, java.lang.Object)'> (0x000000008faeaf08) 
thrown [s\open\src\hotspot\share\interpreter\linkResolver.cpp, line 774]
Event: 5.281 Thread 0x000001db657eb1a0 Exception <a 'java/lang/NoSuchMethodError'{0x000000008f83fa00}: 'java.lang.Object java.lang.invoke.DirectMethodHandle$Holder.newInvokeSpecial(java.lang.Object, java.lang.Object, java.lang.Object, java.lang.Object, java.lang.Object, java.lang.Object, java.lang.Object, java.lang.Object, java.lang.Object, java.lang.Object, java.lang.Object, java.lang.Object, java.lang.Object, java.lang.Object, java.lang.Object, java.lang.Object, java.lang.Object, java.lang.Object, java.lang.Object)'> (0x000000008f83fa00) 
thr
Event: 5.282 Thread 0x000001db657eb1a0 Exception <a 'java/lang/NoSuchMethodError'{0x000000008f845ac8}: 'java.lang.Object java.lang.invoke.DirectMethodHandle$Holder.invokeSpecial(java.lang.Object, java.lang.Object, java.lang.Object, java.lang.Object, java.lang.Object, java.lang.Object, java.lang.Object, java.lang.Object, java.lang.Object, java.lang.Object, java.lang.Object, java.lang.Object, java.lang.Object, java.lang.Object, java.lang.Object, java.lang.Object, java.lang.Object, java.lang.Object, java.lang.Object, java.lang.Object)'> (0x0000000
Event: 5.282 Thread 0x000001db657eb1a0 Exception <a 'java/lang/NoSuchMethodError'{0x000000008f84ab40}: 'java.lang.Object java.lang.invoke.DelegatingMethodHandle$Holder.reinvoke_L(java.lang.Object, java.lang.Object, java.lang.Object, java.lang.Object, java.lang.Object, java.lang.Object, java.lang.Object, java.lang.Object, java.lang.Object, java.lang.Object, java.lang.Object, java.lang.Object, java.lang.Object, java.lang.Object, java.lang.Object, java.lang.Object, java.lang.Object, java.lang.Object, java.lang.Object)'> (0x000000008f84ab40) 
throw
Event: 5.421 Thread 0x000001db657eb1a0 Exception <a 'java/lang/NoSuchMethodError'{0x000000008e4c0d30}: 'java.lang.Object java.lang.invoke.DirectMethodHandle$Holder.newInvokeSpecial(java.lang.Object, java.lang.Object, int)'> (0x000000008e4c0d30) 
thrown [s\open\src\hotspot\share\interpreter\linkResolver.cpp, line 774]
Event: 5.790 Thread 0x000001db657eb1a0 Exception <a 'java/lang/NoSuchMethodError'{0x000000008dd6d590}: 'java.lang.Object java.lang.invoke.DirectMethodHandle$Holder.newInvokeSpecial(java.lang.Object, java.lang.Object, java.lang.Object, int)'> (0x000000008dd6d590) 
thrown [s\open\src\hotspot\share\interpreter\linkResolver.cpp, line 774]
Event: 5.791 Thread 0x000001db657eb1a0 Exception <a 'java/lang/NoSuchMethodError'{0x000000008dd71960}: 'java.lang.Object java.lang.invoke.DirectMethodHandle$Holder.invokeSpecial(java.lang.Object, java.lang.Object, java.lang.Object, java.lang.Object, int)'> (0x000000008dd71960) 
thrown [s\open\src\hotspot\share\interpreter\linkResolver.cpp, line 774]
Event: 5.791 Thread 0x000001db657eb1a0 Exception <a 'java/lang/NoSuchMethodError'{0x000000008dd75328}: 'java.lang.Object java.lang.invoke.Invokers$Holder.linkToTargetMethod(java.lang.Object, java.lang.Object, int, java.lang.Object)'> (0x000000008dd75328) 
thrown [s\open\src\hotspot\share\interpreter\linkResolver.cpp, line 774]

VM Operations (20 events):
Event: 5.765 Executing VM operation: HandshakeAllThreads
Event: 5.765 Executing VM operation: HandshakeAllThreads done
Event: 5.786 Executing VM operation: HandshakeAllThreads
Event: 5.786 Executing VM operation: HandshakeAllThreads done
Event: 5.920 Executing VM operation: HandshakeAllThreads
Event: 5.920 Executing VM operation: HandshakeAllThreads done
Event: 5.923 Executing VM operation: HandshakeAllThreads
Event: 5.923 Executing VM operation: HandshakeAllThreads done
Event: 6.035 Executing VM operation: HandshakeAllThreads
Event: 6.035 Executing VM operation: HandshakeAllThreads done
Event: 6.349 Executing VM operation: G1CollectForAllocation
Event: 6.361 Executing VM operation: G1CollectForAllocation done
Event: 6.367 Executing VM operation: HandshakeAllThreads
Event: 6.367 Executing VM operation: HandshakeAllThreads done
Event: 6.392 Executing VM operation: G1CollectForAllocation
Event: 6.402 Executing VM operation: G1CollectForAllocation done
Event: 6.639 Executing VM operation: HandshakeAllThreads
Event: 6.639 Executing VM operation: HandshakeAllThreads done
Event: 6.640 Executing VM operation: G1CollectForAllocation
Event: 6.645 Executing VM operation: G1CollectForAllocation done

Events (20 events):
Event: 0.075 Thread 0x000001db03f1af20 Thread added: 0x000001db03f1af20
Event: 0.075 Thread 0x000001db03f1bb10 Thread added: 0x000001db03f1bb10
Event: 0.076 Thread 0x000001db03f1c700 Thread added: 0x000001db03f1c700
Event: 0.076 Thread 0x000001db03f1e040 Thread added: 0x000001db03f1e040
Event: 0.076 Thread 0x000001db03f1e970 Thread added: 0x000001db03f1e970
Event: 0.076 Thread 0x000001db03f1f2a0 Thread added: 0x000001db03f1f2a0
Event: 0.076 Thread 0x000001db03f1ff00 Thread added: 0x000001db03f1ff00
Event: 0.081 Thread 0x000001db03f78850 Thread added: 0x000001db03f78850
Event: 0.081 Thread 0x000001db08120040 Thread added: 0x000001db08120040
Event: 0.112 Thread 0x000001db081dc500 Thread added: 0x000001db081dc500
Event: 0.116 Thread 0x000001db081e2ec0 Thread added: 0x000001db081e2ec0
Event: 0.141 Thread 0x000001db0822e270 Thread added: 0x000001db0822e270
Event: 0.384 Thread 0x000001db0822f320 Thread added: 0x000001db0822f320
Event: 1.915 Thread 0x000001db0822f320 Thread exited: 0x000001db0822f320
Event: 3.145 Thread 0x000001db0822e270 Thread exited: 0x000001db0822e270
Event: 3.276 Thread 0x000001db0822dce0 Thread added: 0x000001db0822dce0
Event: 3.387 Thread 0x000001db0822e270 Thread added: 0x000001db0822e270
Event: 4.015 Thread 0x000001db0822e270 Thread exited: 0x000001db0822e270
Event: 4.015 Thread 0x000001db0822dce0 Thread exited: 0x000001db0822dce0
Event: 4.168 Thread 0x000001db0822dce0 Thread added: 0x000001db0822dce0


Dynamic libraries:
0x00007ff60ec70000 - 0x00007ff60ec7e000 	C:\Users\mahmo\.jdks\openjdk-19.0.1\bin\java.exe
0x00007ff9d6710000 - 0x00007ff9d6907000 	C:\Windows\SYSTEM32\ntdll.dll
0x00007ff9d59b0000 - 0x00007ff9d5a6d000 	C:\Windows\System32\KERNEL32.DLL
0x00007ff9d4360000 - 0x00007ff9d4656000 	C:\Windows\System32\KERNELBASE.dll
0x00007ff9d4260000 - 0x00007ff9d4360000 	C:\Windows\System32\ucrtbase.dll
0x00007ff9d0ba0000 - 0x00007ff9d0bb7000 	C:\Users\mahmo\.jdks\openjdk-19.0.1\bin\jli.dll
0x00007ff9d5c00000 - 0x00007ff9d5d9e000 	C:\Windows\System32\USER32.dll
0x00007ff9d4690000 - 0x00007ff9d46b2000 	C:\Windows\System32\win32u.dll
0x00007ff9d58f0000 - 0x00007ff9d591c000 	C:\Windows\System32\GDI32.dll
0x00007ff9d3ef0000 - 0x00007ff9d400a000 	C:\Windows\System32\gdi32full.dll
0x00007ff9d41c0000 - 0x00007ff9d425d000 	C:\Windows\System32\msvcp_win.dll
0x00007ff9c50c0000 - 0x00007ff9c50db000 	C:\Users\mahmo\.jdks\openjdk-19.0.1\bin\VCRUNTIME140.dll
0x00007ff9c9cd0000 - 0x00007ff9c9f6a000 	C:\Windows\WinSxS\amd64_microsoft.windows.common-controls_6595b64144ccf1df_6.0.19041.3570_none_60bb2a3971f3e41a\COMCTL32.dll
0x00007ff9d4ef0000 - 0x00007ff9d4f8e000 	C:\Windows\System32\msvcrt.dll
0x00007ff9d4890000 - 0x00007ff9d48c0000 	C:\Windows\System32\IMM32.DLL
0x00007ff9d0b90000 - 0x00007ff9d0b9c000 	C:\Users\mahmo\.jdks\openjdk-19.0.1\bin\vcruntime140_1.dll
0x00007ff9c4d40000 - 0x00007ff9c4dce000 	C:\Users\mahmo\.jdks\openjdk-19.0.1\bin\msvcp140.dll
0x00007ff957740000 - 0x00007ff958400000 	C:\Users\mahmo\.jdks\openjdk-19.0.1\bin\server\jvm.dll
0x00007ff9d5ed0000 - 0x00007ff9d5f7e000 	C:\Windows\System32\ADVAPI32.dll
0x00007ff9d5a70000 - 0x00007ff9d5b0c000 	C:\Windows\System32\sechost.dll
0x00007ff9d55b0000 - 0x00007ff9d56d6000 	C:\Windows\System32\RPCRT4.dll
0x00007ff9c9ff0000 - 0x00007ff9c9ff9000 	C:\Windows\SYSTEM32\WSOCK32.dll
0x00007ff9d5b10000 - 0x00007ff9d5b7b000 	C:\Windows\System32\WS2_32.dll
0x00007ff9c9ca0000 - 0x00007ff9c9cc7000 	C:\Windows\SYSTEM32\WINMM.dll
0x00007ff9ca000000 - 0x00007ff9ca00a000 	C:\Windows\SYSTEM32\VERSION.dll
0x00007ff9d1d00000 - 0x00007ff9d1d12000 	C:\Windows\SYSTEM32\kernel.appcore.dll
0x00007ff9c5460000 - 0x00007ff9c546a000 	C:\Users\mahmo\.jdks\openjdk-19.0.1\bin\jimage.dll
0x00007ff9c54b0000 - 0x00007ff9c5694000 	C:\Windows\SYSTEM32\DBGHELP.DLL
0x00007ff9c5470000 - 0x00007ff9c54a4000 	C:\Windows\SYSTEM32\dbgcore.DLL
0x00007ff9d3e60000 - 0x00007ff9d3ee2000 	C:\Windows\System32\bcryptPrimitives.dll
0x00007ff9c4d10000 - 0x00007ff9c4d36000 	C:\Users\mahmo\.jdks\openjdk-19.0.1\bin\java.dll
0x00007ff9c4c30000 - 0x00007ff9c4d07000 	C:\Users\mahmo\.jdks\openjdk-19.0.1\bin\jsvml.dll
0x00007ff9d5f80000 - 0x00007ff9d66c4000 	C:\Windows\System32\SHELL32.dll
0x00007ff9d1e90000 - 0x00007ff9d262b000 	C:\Windows\SYSTEM32\windows.storage.dll
0x00007ff9d4b80000 - 0x00007ff9d4ed4000 	C:\Windows\System32\combase.dll
0x00007ff9d3830000 - 0x00007ff9d385d000 	C:\Windows\SYSTEM32\Wldp.dll
0x00007ff9d5840000 - 0x00007ff9d58ed000 	C:\Windows\System32\SHCORE.dll
0x00007ff9d5780000 - 0x00007ff9d57d5000 	C:\Windows\System32\shlwapi.dll
0x00007ff9d3d20000 - 0x00007ff9d3d45000 	C:\Windows\SYSTEM32\profapi.dll
0x00007ff9c4c10000 - 0x00007ff9c4c23000 	C:\Users\mahmo\.jdks\openjdk-19.0.1\bin\net.dll
0x00007ff9ceb10000 - 0x00007ff9cec1a000 	C:\Windows\SYSTEM32\WINHTTP.dll
0x00007ff9d3590000 - 0x00007ff9d35fa000 	C:\Windows\system32\mswsock.dll
0x00007ff9c4bf0000 - 0x00007ff9c4c06000 	C:\Users\mahmo\.jdks\openjdk-19.0.1\bin\nio.dll
0x00007ff9c4bd0000 - 0x00007ff9c4be8000 	C:\Users\mahmo\.jdks\openjdk-19.0.1\bin\zip.dll
0x00007ff9c4bc0000 - 0x00007ff9c4bd0000 	C:\Users\mahmo\.jdks\openjdk-19.0.1\bin\verify.dll

dbghelp: loaded successfully - version: 4.0.5 - missing functions: none
symbol engine: initialized successfully - sym options: 0x614 - pdb path: .;C:\Users\mahmo\.jdks\openjdk-19.0.1\bin;C:\Windows\SYSTEM32;C:\Windows\WinSxS\amd64_microsoft.windows.common-controls_6595b64144ccf1df_6.0.19041.3570_none_60bb2a3971f3e41a;C:\Users\mahmo\.jdks\openjdk-19.0.1\bin\server

VM Arguments:
java_command: org.jetbrains.kotlin.cli.jvm.K2JVMCompiler @D:\Coding\Android\CodeAlpha\Internship\Tasks\Task3\app\build\20231027_13374964126701871951.compiler.options
java_class_path (initial): C:\Users\mahmo\.gradle\caches\modules-2\files-2.1\org.jetbrains.kotlin\kotlin-compiler-embeddable\1.7.20\8db18559a581dd2c36ddfd5046af145650f5b126\kotlin-compiler-embeddable-1.7.20.jar;C:\Users\mahmo\.gradle\caches\modules-2\files-2.1\org.jetbrains.kotlin\kotlin-reflect\1.7.20\12b2501e33bb6373e8e347c86d85481863629381\kotlin-reflect-1.7.20.jar;C:\Users\mahmo\.gradle\caches\modules-2\files-2.1\org.jetbrains.kotlin\kotlin-stdlib\1.7.20\726594ea9ba2beb2ee113647fefa9a10f9fabe52\kotlin-stdlib-1.7.20.jar;C:\Users\mahmo\.gradle\caches\modules-2\files-2.1\org.jetbrains.kotlin\kotlin-script-runtime\1.7.20\bcd1cc6f865e632550357fcc59f5ffd532615a8\kotlin-script-runtime-1.7.20.jar;C:\Users\mahmo\.gradle\caches\modules-2\files-2.1\org.jetbrains.kotlin\kotlin-daemon-embeddable\1.7.20\1e24355adad8d529d75d5b19eab55484057431ba\kotlin-daemon-embeddable-1.7.20.jar;C:\Users\mahmo\.gradle\caches\modules-2\files-2.1\org.jetbrains.intellij.deps\trove4j\1.0.20200330\3afb14d5f9ceb459d724e907a21145e8ff394f02\trove4j-1.0.20200330.jar;C:\Users\mahmo\.gradle\caches\modules-2\files-2.1\net.java.dev.jna\jna\5.6.0\330f2244e9030119ab3030fc3fededc86713d9cc\jna-5.6.0.jar;C:\Users\mahmo\.gradle\caches\modules-2\files-2.1\org.jetbrains.kotlin\kotlin-stdlib-common\1.7.20\e15351bdaf9fa06f009be5da7a202e4184f00ae3\kotlin-stdlib-common-1.7.20.jar;C:\Users\mahmo\.gradle\caches\modules-2\files-2.1\org.jetbrains\annotations\13.0\919f0dfe192fb4e063e7dacadee7f8bb9a2672a9\annotations-13.0.jar
Launcher Type: SUN_STANDARD

[Global flags]
     intx CICompilerCount                          = 4                                         {product} {ergonomic}
     uint ConcGCThreads                            = 3                                         {product} {ergonomic}
     uint G1ConcRefinementThreads                  = 10                                        {product} {ergonomic}
   size_t G1HeapRegionSize                         = 1048576                                   {product} {ergonomic}
    uintx GCDrainStackTargetSize                   = 64                                        {product} {ergonomic}
   size_t InitialHeapSize                          = 123731968                                 {product} {ergonomic}
   size_t MarkStackSize                            = 4194304                                   {product} {ergonomic}
   size_t MaxHeapSize                              = 1979711488                                {product} {ergonomic}
   size_t MaxNewSize                               = 1186988032                                {product} {ergonomic}
   size_t MinHeapDeltaBytes                        = 1048576                                   {product} {ergonomic}
   size_t MinHeapSize                              = 8388608                                   {product} {ergonomic}
    uintx NonNMethodCodeHeapSize                   = 5839372                                {pd product} {ergonomic}
    uintx NonProfiledCodeHeapSize                  = 122909434                              {pd product} {ergonomic}
    uintx ProfiledCodeHeapSize                     = 122909434                              {pd product} {ergonomic}
    uintx ReservedCodeCacheSize                    = 251658240                              {pd product} {ergonomic}
     bool SegmentedCodeCache                       = true                                      {product} {ergonomic}
   size_t SoftMaxHeapSize                          = 1979711488                             {manageable} {ergonomic}
     bool UseCompressedClassPointers               = true                           {product lp64_product} {ergonomic}
     bool UseCompressedOops                        = true                           {product lp64_product} {ergonomic}
     bool UseG1GC                                  = true                                      {product} {ergonomic}
     bool UseLargePagesIndividualAllocation        = false                                  {pd product} {ergonomic}

Logging:
Log output configuration:
 #0: stdout all=warning uptime,level,tags foldmultilines=false
 #1: stderr all=off uptime,level,tags foldmultilines=false

Environment Variables:
PATH=C:\Program Files\Microsoft MPI\Bin\;C:\Windows\system32;C:\Windows;C:\Windows\System32\Wbem;C:\Windows\System32\WindowsPowerShell\v1.0\;C:\Windows\System32\OpenSSH\;C:\Program Files\dotnet\;C:\Program Files\Git\cmd;C:\Program Files\nodejs\;C:\ProgramData\chocolatey\bin;C:\Users\mahmo\anaconda3;C:\Users\mahmo\.m2;C:\Program Files\Microsoft SQL Server\150\Tools\Binn\;C:\Program Files\Common Files\Autodesk Shared\;C:\Program Files\Cloudflare\Cloudflare WARP\;C:\Users\mahmo\AppData\Local\Programs\Python\Python311\Scripts\;C:\Users\mahmo\AppData\Local\Programs\Python\Python311\;C:\Users\mahmo\AppData\Local\Microsoft\WindowsApps;C:\Users\mahmo\AppData\Local\Programs\Microsoft VS Code\bin;C:\Users\mahmo\.dotnet\tools;C:\src\flutter\flutter\bin;C:\Program Files\JetBrains\IntelliJ IDEA Community Edition 2021.3.2\bin;;C:\Users\mahmo\AppData\Roaming\npm;D:\Program Files\PyCharm Community Edition 2021.3.2\bin;;C:\Users\mahmo\AppData\Local\GitHubDesktop\bin
USERNAME=mahmo
OS=Windows_NT
PROCESSOR_IDENTIFIER=AMD64 Family 23 Model 96 Stepping 1, AuthenticAMD
TMP=C:\Users\mahmo\AppData\Local\Temp
TEMP=C:\Users\mahmo\AppData\Local\Temp



---------------  S Y S T E M  ---------------

OS:
 Windows 10 , 64 bit Build 19041 (10.0.19041.3570)
OS uptime: 0 days 0:48 hours

CPU: total 12 (initial active 12) (12 cores per cpu, 2 threads per core) family 23 model 96 stepping 1 microcode 0x0, cx8, cmov, fxsr, ht, mmx, 3dnowpref, sse, sse2, sse3, ssse3, sse4a, sse4.1, sse4.2, popcnt, lzcnt, tsc, tscinvbit, avx, avx2, aes, clmul, bmi1, bmi2, adx, sha, fma, vzeroupper, clflush, clflushopt, rdtscp, rdpid

Memory: 4k page, system-wide physical 7545M (565M free)
TotalPageFile size 15041M (AvailPageFile size 9M)
current process WorkingSet (physical memory assigned to process): 215M, peak: 218M
current process commit charge ("private bytes"): 346M, peak: 351M

vm_info: OpenJDK 64-Bit Server VM (19.0.1+10-21) for windows-amd64 JRE (19.0.1+10-21), built on 2022-09-14T12:45:06Z by "mach5one" with MS VC++ 17.1 (VS2022)

END.
